<?xml version="1.0" encoding="UTF-8"?>
<coverage generated="1682944147774" clover="3.2.0">
  <project timestamp="1682944147774" name="All files">
    <metrics statements="1216" coveredstatements="923" conditionals="121" coveredconditionals="101" methods="72" coveredmethods="43" elements="1409" coveredelements="1067" complexity="0" loc="1216" ncloc="1216" packages="13" files="18" classes="18"/>
    <package name="src">
      <metrics statements="94" coveredstatements="86" conditionals="6" coveredconditionals="6" methods="7" coveredmethods="2"/>
      <file name="App.tsx" path="C:\Users\2100m\repos\Front-End-Web-Technology\src\App.tsx">
        <metrics statements="45" coveredstatements="45" conditionals="1" coveredconditionals="1" methods="1" coveredmethods="1"/>
        <line num="1" count="1" type="stmt"/>
        <line num="2" count="1" type="stmt"/>
        <line num="3" count="1" type="stmt"/>
        <line num="4" count="1" type="stmt"/>
        <line num="5" count="1" type="stmt"/>
        <line num="6" count="1" type="stmt"/>
        <line num="7" count="1" type="stmt"/>
        <line num="8" count="1" type="stmt"/>
        <line num="9" count="1" type="stmt"/>
        <line num="10" count="1" type="cond" truecount="1" falsecount="0"/>
        <line num="11" count="1" type="stmt"/>
        <line num="12" count="1" type="stmt"/>
        <line num="13" count="1" type="stmt"/>
        <line num="14" count="1" type="stmt"/>
        <line num="15" count="1" type="stmt"/>
        <line num="16" count="1" type="stmt"/>
        <line num="17" count="1" type="stmt"/>
        <line num="18" count="1" type="stmt"/>
        <line num="19" count="1" type="stmt"/>
        <line num="20" count="1" type="stmt"/>
        <line num="21" count="1" type="stmt"/>
        <line num="22" count="1" type="stmt"/>
        <line num="23" count="1" type="stmt"/>
        <line num="24" count="1" type="stmt"/>
        <line num="25" count="1" type="stmt"/>
        <line num="26" count="1" type="stmt"/>
        <line num="27" count="1" type="stmt"/>
        <line num="28" count="1" type="stmt"/>
        <line num="29" count="1" type="stmt"/>
        <line num="30" count="1" type="stmt"/>
        <line num="31" count="1" type="stmt"/>
        <line num="32" count="1" type="stmt"/>
        <line num="33" count="1" type="stmt"/>
        <line num="34" count="1" type="stmt"/>
        <line num="35" count="1" type="stmt"/>
        <line num="36" count="1" type="stmt"/>
        <line num="37" count="1" type="stmt"/>
        <line num="38" count="1" type="stmt"/>
        <line num="39" count="1" type="stmt"/>
        <line num="40" count="1" type="stmt"/>
        <line num="41" count="1" type="stmt"/>
        <line num="42" count="1" type="stmt"/>
        <line num="43" count="1" type="stmt"/>
        <line num="44" count="1" type="stmt"/>
        <line num="45" count="1" type="stmt"/>
      </file>
      <file name="Router.tsx" path="C:\Users\2100m\repos\Front-End-Web-Technology\src\Router.tsx">
        <metrics statements="49" coveredstatements="41" conditionals="5" coveredconditionals="5" methods="6" coveredmethods="1"/>
        <line num="1" count="1" type="stmt"/>
        <line num="2" count="1" type="stmt"/>
        <line num="3" count="1" type="stmt"/>
        <line num="4" count="1" type="stmt"/>
        <line num="5" count="1" type="stmt"/>
        <line num="6" count="1" type="stmt"/>
        <line num="7" count="1" type="stmt"/>
        <line num="8" count="1" type="cond" truecount="1" falsecount="0"/>
        <line num="9" count="4" type="stmt"/>
        <line num="10" count="4" type="stmt"/>
        <line num="11" count="4" type="stmt"/>
        <line num="12" count="4" type="stmt"/>
        <line num="13" count="4" type="stmt"/>
        <line num="14" count="4" type="cond" truecount="1" falsecount="0"/>
        <line num="15" count="4" type="stmt"/>
        <line num="16" count="0" type="stmt"/>
        <line num="17" count="0" type="stmt"/>
        <line num="18" count="4" type="stmt"/>
        <line num="19" count="4" type="stmt"/>
        <line num="20" count="4" type="stmt"/>
        <line num="21" count="4" type="stmt"/>
        <line num="22" count="4" type="stmt"/>
        <line num="23" count="4" type="stmt"/>
        <line num="24" count="4" type="stmt"/>
        <line num="25" count="4" type="stmt"/>
        <line num="26" count="4" type="cond" truecount="1" falsecount="0"/>
        <line num="27" count="4" type="stmt"/>
        <line num="28" count="4" type="stmt"/>
        <line num="29" count="4" type="stmt"/>
        <line num="30" count="4" type="stmt"/>
        <line num="31" count="4" type="stmt"/>
        <line num="32" count="4" type="stmt"/>
        <line num="33" count="4" type="stmt"/>
        <line num="34" count="4" type="cond" truecount="2" falsecount="0"/>
        <line num="35" count="4" type="stmt"/>
        <line num="36" count="4" type="stmt"/>
        <line num="37" count="1" type="stmt"/>
        <line num="38" count="1" type="stmt"/>
        <line num="39" count="0" type="stmt"/>
        <line num="40" count="0" type="stmt"/>
        <line num="41" count="0" type="stmt"/>
        <line num="42" count="0" type="stmt"/>
        <line num="43" count="1" type="stmt"/>
        <line num="44" count="1" type="stmt"/>
        <line num="45" count="1" type="stmt"/>
        <line num="46" count="0" type="stmt"/>
        <line num="47" count="0" type="stmt"/>
        <line num="48" count="1" type="stmt"/>
        <line num="49" count="1" type="stmt"/>
      </file>
    </package>
    <package name="src.Utilities">
      <metrics statements="14" coveredstatements="12" conditionals="5" coveredconditionals="4" methods="6" coveredmethods="4"/>
      <file name="NumberUtitlity.tsx" path="C:\Users\2100m\repos\Front-End-Web-Technology\src\Utilities\NumberUtitlity.tsx">
        <metrics statements="7" coveredstatements="5" conditionals="2" coveredconditionals="2" methods="4" coveredmethods="2"/>
        <line num="1" count="1" type="stmt"/>
        <line num="2" count="0" type="stmt"/>
        <line num="3" count="0" type="stmt"/>
        <line num="4" count="1" type="stmt"/>
        <line num="5" count="1" type="cond" truecount="1" falsecount="0"/>
        <line num="6" count="23" type="stmt"/>
        <line num="7" count="23" type="cond" truecount="1" falsecount="0"/>
      </file>
      <file name="SavingsUtility.tsx" path="C:\Users\2100m\repos\Front-End-Web-Technology\src\Utilities\SavingsUtility.tsx">
        <metrics statements="7" coveredstatements="7" conditionals="3" coveredconditionals="2" methods="2" coveredmethods="2"/>
        <line num="1" count="1" type="stmt"/>
        <line num="2" count="1" type="stmt"/>
        <line num="3" count="1" type="stmt"/>
        <line num="4" count="1" type="cond" truecount="1" falsecount="0"/>
        <line num="5" count="2" type="cond" truecount="0" falsecount="1"/>
        <line num="6" count="2" type="stmt"/>
        <line num="7" count="2" type="cond" truecount="1" falsecount="0"/>
      </file>
    </package>
    <package name="src.components.Cart">
      <metrics statements="55" coveredstatements="54" conditionals="8" coveredconditionals="8" methods="1" coveredmethods="1"/>
      <file name="Cart.tsx" path="C:\Users\2100m\repos\Front-End-Web-Technology\src\components\Cart\Cart.tsx">
        <metrics statements="55" coveredstatements="54" conditionals="8" coveredconditionals="8" methods="1" coveredmethods="1"/>
        <line num="1" count="1" type="stmt"/>
        <line num="2" count="1" type="stmt"/>
        <line num="3" count="1" type="stmt"/>
        <line num="4" count="1" type="stmt"/>
        <line num="5" count="1" type="stmt"/>
        <line num="6" count="1" type="stmt"/>
        <line num="7" count="1" type="stmt"/>
        <line num="8" count="1" type="stmt"/>
        <line num="9" count="1" type="stmt"/>
        <line num="10" count="1" type="stmt"/>
        <line num="11" count="1" type="stmt"/>
        <line num="12" count="1" type="stmt"/>
        <line num="13" count="1" type="stmt"/>
        <line num="14" count="1" type="cond" truecount="1" falsecount="0"/>
        <line num="15" count="20" type="stmt"/>
        <line num="16" count="20" type="stmt"/>
        <line num="17" count="20" type="stmt"/>
        <line num="18" count="20" type="stmt"/>
        <line num="19" count="20" type="stmt"/>
        <line num="20" count="20" type="stmt"/>
        <line num="21" count="20" type="cond" truecount="1" falsecount="0"/>
        <line num="22" count="8" type="stmt"/>
        <line num="23" count="8" type="cond" truecount="2" falsecount="0"/>
        <line num="24" count="1" type="stmt"/>
        <line num="25" count="1" type="stmt"/>
        <line num="26" count="0" type="stmt"/>
        <line num="27" count="1" type="stmt"/>
        <line num="28" count="20" type="stmt"/>
        <line num="29" count="20" type="stmt"/>
        <line num="30" count="20" type="stmt"/>
        <line num="31" count="20" type="stmt"/>
        <line num="32" count="20" type="stmt"/>
        <line num="33" count="20" type="stmt"/>
        <line num="34" count="20" type="stmt"/>
        <line num="35" count="20" type="stmt"/>
        <line num="36" count="20" type="stmt"/>
        <line num="37" count="20" type="stmt"/>
        <line num="38" count="20" type="cond" truecount="2" falsecount="0"/>
        <line num="39" count="19" type="cond" truecount="1" falsecount="0"/>
        <line num="40" count="12" type="stmt"/>
        <line num="41" count="12" type="stmt"/>
        <line num="42" count="12" type="stmt"/>
        <line num="43" count="12" type="stmt"/>
        <line num="44" count="12" type="stmt"/>
        <line num="45" count="12" type="stmt"/>
        <line num="46" count="12" type="stmt"/>
        <line num="47" count="12" type="cond" truecount="1" falsecount="0"/>
        <line num="48" count="7" type="stmt"/>
        <line num="49" count="7" type="stmt"/>
        <line num="50" count="20" type="stmt"/>
        <line num="51" count="20" type="stmt"/>
        <line num="52" count="20" type="stmt"/>
        <line num="53" count="20" type="stmt"/>
        <line num="54" count="1" type="stmt"/>
        <line num="55" count="1" type="stmt"/>
      </file>
    </package>
    <package name="src.components.Cart.Basket">
      <metrics statements="31" coveredstatements="31" conditionals="2" coveredconditionals="2" methods="1" coveredmethods="1"/>
      <file name="Basket.tsx" path="C:\Users\2100m\repos\Front-End-Web-Technology\src\components\Cart\Basket\Basket.tsx">
        <metrics statements="31" coveredstatements="31" conditionals="2" coveredconditionals="2" methods="1" coveredmethods="1"/>
        <line num="1" count="1" type="stmt"/>
        <line num="2" count="1" type="stmt"/>
        <line num="3" count="1" type="stmt"/>
        <line num="4" count="1" type="stmt"/>
        <line num="5" count="1" type="stmt"/>
        <line num="6" count="1" type="cond" truecount="1" falsecount="0"/>
        <line num="7" count="12" type="stmt"/>
        <line num="8" count="12" type="stmt"/>
        <line num="9" count="12" type="stmt"/>
        <line num="10" count="12" type="stmt"/>
        <line num="11" count="12" type="stmt"/>
        <line num="12" count="12" type="stmt"/>
        <line num="13" count="12" type="stmt"/>
        <line num="14" count="12" type="stmt"/>
        <line num="15" count="12" type="stmt"/>
        <line num="16" count="12" type="stmt"/>
        <line num="17" count="12" type="stmt"/>
        <line num="18" count="12" type="stmt"/>
        <line num="19" count="12" type="stmt"/>
        <line num="20" count="12" type="cond" truecount="1" falsecount="0"/>
        <line num="21" count="29" type="stmt"/>
        <line num="22" count="29" type="stmt"/>
        <line num="23" count="29" type="stmt"/>
        <line num="24" count="29" type="stmt"/>
        <line num="25" count="12" type="stmt"/>
        <line num="26" count="12" type="stmt"/>
        <line num="27" count="12" type="stmt"/>
        <line num="28" count="12" type="stmt"/>
        <line num="29" count="12" type="stmt"/>
        <line num="30" count="1" type="stmt"/>
        <line num="31" count="1" type="stmt"/>
      </file>
    </package>
    <package name="src.components.Cart.BasketItem">
      <metrics statements="82" coveredstatements="82" conditionals="15" coveredconditionals="14" methods="4" coveredmethods="4"/>
      <file name="BasketItem.tsx" path="C:\Users\2100m\repos\Front-End-Web-Technology\src\components\Cart\BasketItem\BasketItem.tsx">
        <metrics statements="82" coveredstatements="82" conditionals="15" coveredconditionals="14" methods="4" coveredmethods="4"/>
        <line num="1" count="1" type="stmt"/>
        <line num="2" count="1" type="stmt"/>
        <line num="3" count="1" type="stmt"/>
        <line num="4" count="1" type="stmt"/>
        <line num="5" count="1" type="stmt"/>
        <line num="6" count="1" type="stmt"/>
        <line num="7" count="1" type="stmt"/>
        <line num="8" count="1" type="stmt"/>
        <line num="9" count="1" type="stmt"/>
        <line num="10" count="1" type="stmt"/>
        <line num="11" count="1" type="cond" truecount="1" falsecount="0"/>
        <line num="12" count="29" type="stmt"/>
        <line num="13" count="29" type="stmt"/>
        <line num="14" count="29" type="stmt"/>
        <line num="15" count="29" type="stmt"/>
        <line num="16" count="29" type="stmt"/>
        <line num="17" count="29" type="stmt"/>
        <line num="18" count="29" type="stmt"/>
        <line num="19" count="29" type="stmt"/>
        <line num="20" count="29" type="cond" truecount="1" falsecount="0"/>
        <line num="21" count="29" type="stmt"/>
        <line num="22" count="29" type="cond" truecount="0" falsecount="1"/>
        <line num="23" count="29" type="stmt"/>
        <line num="24" count="29" type="cond" truecount="2" falsecount="0"/>
        <line num="25" count="29" type="stmt"/>
        <line num="26" count="29" type="cond" truecount="1" falsecount="0"/>
        <line num="27" count="1" type="stmt"/>
        <line num="28" count="1" type="stmt"/>
        <line num="29" count="1" type="stmt"/>
        <line num="30" count="1" type="stmt"/>
        <line num="31" count="1" type="stmt"/>
        <line num="32" count="29" type="cond" truecount="1" falsecount="0"/>
        <line num="33" count="29" type="stmt"/>
        <line num="34" count="29" type="cond" truecount="2" falsecount="0"/>
        <line num="35" count="29" type="stmt"/>
        <line num="36" count="29" type="stmt"/>
        <line num="37" count="29" type="cond" truecount="1" falsecount="0"/>
        <line num="38" count="29" type="stmt"/>
        <line num="39" count="29" type="cond" truecount="1" falsecount="0"/>
        <line num="40" count="29" type="stmt"/>
        <line num="41" count="29" type="stmt"/>
        <line num="42" count="29" type="stmt"/>
        <line num="43" count="29" type="stmt"/>
        <line num="44" count="29" type="stmt"/>
        <line num="45" count="29" type="stmt"/>
        <line num="46" count="29" type="stmt"/>
        <line num="47" count="29" type="cond" truecount="1" falsecount="0"/>
        <line num="48" count="29" type="stmt"/>
        <line num="49" count="29" type="stmt"/>
        <line num="50" count="29" type="stmt"/>
        <line num="51" count="29" type="stmt"/>
        <line num="52" count="29" type="stmt"/>
        <line num="53" count="29" type="stmt"/>
        <line num="54" count="29" type="stmt"/>
        <line num="55" count="29" type="stmt"/>
        <line num="56" count="29" type="stmt"/>
        <line num="57" count="29" type="stmt"/>
        <line num="58" count="29" type="stmt"/>
        <line num="59" count="29" type="stmt"/>
        <line num="60" count="29" type="stmt"/>
        <line num="61" count="29" type="stmt"/>
        <line num="62" count="29" type="stmt"/>
        <line num="63" count="29" type="stmt"/>
        <line num="64" count="29" type="stmt"/>
        <line num="65" count="29" type="stmt"/>
        <line num="66" count="29" type="cond" truecount="1" falsecount="0"/>
        <line num="67" count="29" type="stmt"/>
        <line num="68" count="29" type="stmt"/>
        <line num="69" count="29" type="stmt"/>
        <line num="70" count="29" type="stmt"/>
        <line num="71" count="29" type="stmt"/>
        <line num="72" count="29" type="stmt"/>
        <line num="73" count="29" type="stmt"/>
        <line num="74" count="29" type="stmt"/>
        <line num="75" count="29" type="cond" truecount="2" falsecount="0"/>
        <line num="76" count="29" type="stmt"/>
        <line num="77" count="29" type="stmt"/>
        <line num="78" count="29" type="stmt"/>
        <line num="79" count="29" type="stmt"/>
        <line num="80" count="29" type="stmt"/>
        <line num="81" count="1" type="stmt"/>
        <line num="82" count="1" type="stmt"/>
      </file>
    </package>
    <package name="src.components.Cart.Checkout">
      <metrics statements="161" coveredstatements="152" conditionals="13" coveredconditionals="8" methods="8" coveredmethods="5"/>
      <file name="Checkout.tsx" path="C:\Users\2100m\repos\Front-End-Web-Technology\src\components\Cart\Checkout\Checkout.tsx">
        <metrics statements="77" coveredstatements="73" conditionals="7" coveredconditionals="5" methods="4" coveredmethods="2"/>
        <line num="1" count="1" type="stmt"/>
        <line num="2" count="1" type="stmt"/>
        <line num="3" count="1" type="stmt"/>
        <line num="4" count="1" type="stmt"/>
        <line num="5" count="1" type="stmt"/>
        <line num="6" count="1" type="stmt"/>
        <line num="7" count="1" type="stmt"/>
        <line num="8" count="1" type="stmt"/>
        <line num="9" count="1" type="stmt"/>
        <line num="10" count="1" type="stmt"/>
        <line num="11" count="1" type="stmt"/>
        <line num="12" count="1" type="stmt"/>
        <line num="13" count="1" type="stmt"/>
        <line num="14" count="1" type="stmt"/>
        <line num="15" count="1" type="stmt"/>
        <line num="16" count="1" type="cond" truecount="1" falsecount="0"/>
        <line num="17" count="12" type="stmt"/>
        <line num="18" count="12" type="stmt"/>
        <line num="19" count="12" type="stmt"/>
        <line num="20" count="12" type="stmt"/>
        <line num="21" count="12" type="cond" truecount="1" falsecount="0"/>
        <line num="22" count="12" type="cond" truecount="0" falsecount="1"/>
        <line num="23" count="12" type="cond" truecount="0" falsecount="1"/>
        <line num="24" count="0" type="stmt"/>
        <line num="25" count="12" type="stmt"/>
        <line num="26" count="12" type="stmt"/>
        <line num="27" count="12" type="stmt"/>
        <line num="28" count="12" type="stmt"/>
        <line num="29" count="0" type="stmt"/>
        <line num="30" count="0" type="stmt"/>
        <line num="31" count="0" type="stmt"/>
        <line num="32" count="12" type="stmt"/>
        <line num="33" count="12" type="stmt"/>
        <line num="34" count="12" type="stmt"/>
        <line num="35" count="12" type="stmt"/>
        <line num="36" count="12" type="stmt"/>
        <line num="37" count="12" type="stmt"/>
        <line num="38" count="12" type="stmt"/>
        <line num="39" count="12" type="stmt"/>
        <line num="40" count="12" type="stmt"/>
        <line num="41" count="12" type="stmt"/>
        <line num="42" count="12" type="stmt"/>
        <line num="43" count="12" type="cond" truecount="1" falsecount="0"/>
        <line num="44" count="1" type="stmt"/>
        <line num="45" count="1" type="stmt"/>
        <line num="46" count="1" type="stmt"/>
        <line num="47" count="1" type="stmt"/>
        <line num="48" count="12" type="stmt"/>
        <line num="49" count="12" type="cond" truecount="1" falsecount="0"/>
        <line num="50" count="1" type="stmt"/>
        <line num="51" count="1" type="stmt"/>
        <line num="52" count="1" type="stmt"/>
        <line num="53" count="1" type="stmt"/>
        <line num="54" count="12" type="stmt"/>
        <line num="55" count="12" type="cond" truecount="1" falsecount="0"/>
        <line num="56" count="6" type="stmt"/>
        <line num="57" count="6" type="stmt"/>
        <line num="58" count="6" type="stmt"/>
        <line num="59" count="6" type="stmt"/>
        <line num="60" count="12" type="stmt"/>
        <line num="61" count="12" type="stmt"/>
        <line num="62" count="12" type="stmt"/>
        <line num="63" count="12" type="stmt"/>
        <line num="64" count="12" type="stmt"/>
        <line num="65" count="12" type="stmt"/>
        <line num="66" count="12" type="stmt"/>
        <line num="67" count="12" type="stmt"/>
        <line num="68" count="12" type="stmt"/>
        <line num="69" count="12" type="stmt"/>
        <line num="70" count="12" type="stmt"/>
        <line num="71" count="12" type="stmt"/>
        <line num="72" count="12" type="stmt"/>
        <line num="73" count="12" type="stmt"/>
        <line num="74" count="12" type="stmt"/>
        <line num="75" count="12" type="stmt"/>
        <line num="76" count="1" type="stmt"/>
        <line num="77" count="1" type="stmt"/>
      </file>
      <file name="CheckoutResponsive.tsx" path="C:\Users\2100m\repos\Front-End-Web-Technology\src\components\Cart\Checkout\CheckoutResponsive.tsx">
        <metrics statements="84" coveredstatements="79" conditionals="6" coveredconditionals="3" methods="4" coveredmethods="3"/>
        <line num="1" count="1" type="stmt"/>
        <line num="2" count="1" type="stmt"/>
        <line num="3" count="1" type="stmt"/>
        <line num="4" count="1" type="stmt"/>
        <line num="5" count="1" type="stmt"/>
        <line num="6" count="1" type="stmt"/>
        <line num="7" count="1" type="stmt"/>
        <line num="8" count="1" type="stmt"/>
        <line num="9" count="1" type="stmt"/>
        <line num="10" count="1" type="stmt"/>
        <line num="11" count="1" type="stmt"/>
        <line num="12" count="1" type="stmt"/>
        <line num="13" count="1" type="cond" truecount="1" falsecount="0"/>
        <line num="14" count="1" type="stmt"/>
        <line num="15" count="1" type="stmt"/>
        <line num="16" count="1" type="stmt"/>
        <line num="17" count="1" type="stmt"/>
        <line num="18" count="1" type="cond" truecount="1" falsecount="0"/>
        <line num="19" count="1" type="cond" truecount="0" falsecount="1"/>
        <line num="20" count="1" type="cond" truecount="0" falsecount="1"/>
        <line num="21" count="0" type="stmt"/>
        <line num="22" count="1" type="stmt"/>
        <line num="23" count="1" type="stmt"/>
        <line num="24" count="1" type="stmt"/>
        <line num="25" count="1" type="stmt"/>
        <line num="26" count="1" type="stmt"/>
        <line num="27" count="1" type="stmt"/>
        <line num="28" count="1" type="stmt"/>
        <line num="29" count="1" type="stmt"/>
        <line num="30" count="1" type="stmt"/>
        <line num="31" count="1" type="stmt"/>
        <line num="32" count="1" type="stmt"/>
        <line num="33" count="1" type="stmt"/>
        <line num="34" count="1" type="stmt"/>
        <line num="35" count="1" type="stmt"/>
        <line num="36" count="1" type="stmt"/>
        <line num="37" count="1" type="stmt"/>
        <line num="38" count="1" type="stmt"/>
        <line num="39" count="1" type="cond" truecount="1" falsecount="0"/>
        <line num="40" count="1" type="stmt"/>
        <line num="41" count="1" type="stmt"/>
        <line num="42" count="1" type="stmt"/>
        <line num="43" count="1" type="stmt"/>
        <line num="44" count="1" type="stmt"/>
        <line num="45" count="1" type="stmt"/>
        <line num="46" count="1" type="stmt"/>
        <line num="47" count="1" type="stmt"/>
        <line num="48" count="1" type="stmt"/>
        <line num="49" count="1" type="stmt"/>
        <line num="50" count="1" type="stmt"/>
        <line num="51" count="1" type="stmt"/>
        <line num="52" count="1" type="stmt"/>
        <line num="53" count="1" type="stmt"/>
        <line num="54" count="1" type="stmt"/>
        <line num="55" count="1" type="stmt"/>
        <line num="56" count="1" type="cond" truecount="0" falsecount="1"/>
        <line num="57" count="0" type="stmt"/>
        <line num="58" count="0" type="stmt"/>
        <line num="59" count="0" type="stmt"/>
        <line num="60" count="0" type="stmt"/>
        <line num="61" count="1" type="stmt"/>
        <line num="62" count="1" type="stmt"/>
        <line num="63" count="1" type="stmt"/>
        <line num="64" count="1" type="stmt"/>
        <line num="65" count="1" type="stmt"/>
        <line num="66" count="1" type="stmt"/>
        <line num="67" count="1" type="stmt"/>
        <line num="68" count="1" type="stmt"/>
        <line num="69" count="1" type="stmt"/>
        <line num="70" count="1" type="stmt"/>
        <line num="71" count="1" type="stmt"/>
        <line num="72" count="1" type="stmt"/>
        <line num="73" count="1" type="stmt"/>
        <line num="74" count="1" type="stmt"/>
        <line num="75" count="1" type="stmt"/>
        <line num="76" count="1" type="stmt"/>
        <line num="77" count="1" type="stmt"/>
        <line num="78" count="1" type="stmt"/>
        <line num="79" count="1" type="stmt"/>
        <line num="80" count="1" type="stmt"/>
        <line num="81" count="1" type="stmt"/>
        <line num="82" count="1" type="stmt"/>
        <line num="83" count="1" type="stmt"/>
        <line num="84" count="1" type="stmt"/>
      </file>
    </package>
    <package name="src.components.Cart.QuantityPicker">
      <metrics statements="64" coveredstatements="59" conditionals="10" coveredconditionals="7" methods="5" coveredmethods="4"/>
      <file name="QuantityPicker.tsx" path="C:\Users\2100m\repos\Front-End-Web-Technology\src\components\Cart\QuantityPicker\QuantityPicker.tsx">
        <metrics statements="64" coveredstatements="59" conditionals="10" coveredconditionals="7" methods="5" coveredmethods="4"/>
        <line num="1" count="1" type="stmt"/>
        <line num="2" count="1" type="stmt"/>
        <line num="3" count="1" type="stmt"/>
        <line num="4" count="1" type="stmt"/>
        <line num="5" count="1" type="stmt"/>
        <line num="6" count="1" type="stmt"/>
        <line num="7" count="1" type="stmt"/>
        <line num="8" count="1" type="cond" truecount="1" falsecount="0"/>
        <line num="9" count="33" type="stmt"/>
        <line num="10" count="33" type="stmt"/>
        <line num="11" count="33" type="stmt"/>
        <line num="12" count="33" type="stmt"/>
        <line num="13" count="33" type="stmt"/>
        <line num="14" count="33" type="cond" truecount="1" falsecount="0"/>
        <line num="15" count="4" type="stmt"/>
        <line num="16" count="4" type="stmt"/>
        <line num="17" count="4" type="stmt"/>
        <line num="18" count="4" type="stmt"/>
        <line num="19" count="4" type="cond" truecount="0" falsecount="1"/>
        <line num="20" count="0" type="stmt"/>
        <line num="21" count="0" type="stmt"/>
        <line num="22" count="0" type="stmt"/>
        <line num="23" count="4" type="stmt"/>
        <line num="24" count="33" type="stmt"/>
        <line num="25" count="33" type="cond" truecount="1" falsecount="0"/>
        <line num="26" count="8" type="cond" truecount="1" falsecount="0"/>
        <line num="27" count="4" type="stmt"/>
        <line num="28" count="4" type="stmt"/>
        <line num="29" count="8" type="stmt"/>
        <line num="30" count="33" type="stmt"/>
        <line num="31" count="33" type="stmt"/>
        <line num="32" count="0" type="stmt"/>
        <line num="33" count="0" type="stmt"/>
        <line num="34" count="33" type="stmt"/>
        <line num="35" count="33" type="stmt"/>
        <line num="36" count="33" type="cond" truecount="2" falsecount="1"/>
        <line num="37" count="33" type="stmt"/>
        <line num="38" count="33" type="stmt"/>
        <line num="39" count="33" type="stmt"/>
        <line num="40" count="33" type="stmt"/>
        <line num="41" count="33" type="stmt"/>
        <line num="42" count="33" type="stmt"/>
        <line num="43" count="33" type="stmt"/>
        <line num="44" count="33" type="stmt"/>
        <line num="45" count="33" type="stmt"/>
        <line num="46" count="33" type="stmt"/>
        <line num="47" count="33" type="stmt"/>
        <line num="48" count="33" type="cond" truecount="1" falsecount="0"/>
        <line num="49" count="33" type="stmt"/>
        <line num="50" count="33" type="stmt"/>
        <line num="51" count="33" type="stmt"/>
        <line num="52" count="33" type="stmt"/>
        <line num="53" count="33" type="stmt"/>
        <line num="54" count="33" type="stmt"/>
        <line num="55" count="33" type="stmt"/>
        <line num="56" count="33" type="cond" truecount="0" falsecount="1"/>
        <line num="57" count="33" type="stmt"/>
        <line num="58" count="33" type="stmt"/>
        <line num="59" count="33" type="stmt"/>
        <line num="60" count="33" type="stmt"/>
        <line num="61" count="33" type="stmt"/>
        <line num="62" count="33" type="stmt"/>
        <line num="63" count="1" type="stmt"/>
        <line num="64" count="1" type="stmt"/>
      </file>
    </package>
    <package name="src.components.Forms">
      <metrics statements="148" coveredstatements="47" conditionals="5" coveredconditionals="3" methods="7" coveredmethods="1"/>
      <file name="CheckoutForm.tsx" path="C:\Users\2100m\repos\Front-End-Web-Technology\src\components\Forms\CheckoutForm.tsx">
        <metrics statements="148" coveredstatements="47" conditionals="5" coveredconditionals="3" methods="7" coveredmethods="1"/>
        <line num="1" count="1" type="stmt"/>
        <line num="2" count="1" type="stmt"/>
        <line num="3" count="1" type="stmt"/>
        <line num="4" count="1" type="stmt"/>
        <line num="5" count="1" type="stmt"/>
        <line num="6" count="1" type="stmt"/>
        <line num="7" count="1" type="stmt"/>
        <line num="8" count="1" type="cond" truecount="1" falsecount="0"/>
        <line num="9" count="2" type="stmt"/>
        <line num="10" count="2" type="stmt"/>
        <line num="11" count="2" type="stmt"/>
        <line num="12" count="2" type="stmt"/>
        <line num="13" count="2" type="cond" truecount="1" falsecount="0"/>
        <line num="14" count="1" type="cond" truecount="0" falsecount="1"/>
        <line num="15" count="2" type="stmt"/>
        <line num="16" count="2" type="stmt"/>
        <line num="17" count="2" type="stmt"/>
        <line num="18" count="0" type="stmt"/>
        <line num="19" count="0" type="stmt"/>
        <line num="20" count="2" type="stmt"/>
        <line num="21" count="2" type="stmt"/>
        <line num="22" count="2" type="stmt"/>
        <line num="23" count="2" type="stmt"/>
        <line num="24" count="2" type="stmt"/>
        <line num="25" count="2" type="stmt"/>
        <line num="26" count="2" type="stmt"/>
        <line num="27" count="2" type="stmt"/>
        <line num="28" count="2" type="stmt"/>
        <line num="29" count="2" type="stmt"/>
        <line num="30" count="2" type="stmt"/>
        <line num="31" count="2" type="stmt"/>
        <line num="32" count="2" type="stmt"/>
        <line num="33" count="2" type="stmt"/>
        <line num="34" count="2" type="stmt"/>
        <line num="35" count="2" type="stmt"/>
        <line num="36" count="2" type="stmt"/>
        <line num="37" count="0" type="stmt"/>
        <line num="38" count="0" type="stmt"/>
        <line num="39" count="0" type="stmt"/>
        <line num="40" count="0" type="stmt"/>
        <line num="41" count="0" type="stmt"/>
        <line num="42" count="0" type="stmt"/>
        <line num="43" count="2" type="stmt"/>
        <line num="44" count="2" type="stmt"/>
        <line num="45" count="2" type="stmt"/>
        <line num="46" count="0" type="stmt"/>
        <line num="47" count="0" type="stmt"/>
        <line num="48" count="0" type="stmt"/>
        <line num="49" count="0" type="stmt"/>
        <line num="50" count="0" type="stmt"/>
        <line num="51" count="0" type="stmt"/>
        <line num="52" count="0" type="stmt"/>
        <line num="53" count="0" type="stmt"/>
        <line num="54" count="0" type="stmt"/>
        <line num="55" count="0" type="stmt"/>
        <line num="56" count="0" type="stmt"/>
        <line num="57" count="0" type="stmt"/>
        <line num="58" count="0" type="stmt"/>
        <line num="59" count="0" type="stmt"/>
        <line num="60" count="0" type="stmt"/>
        <line num="61" count="0" type="stmt"/>
        <line num="62" count="0" type="stmt"/>
        <line num="63" count="0" type="stmt"/>
        <line num="64" count="0" type="stmt"/>
        <line num="65" count="0" type="stmt"/>
        <line num="66" count="0" type="stmt"/>
        <line num="67" count="0" type="stmt"/>
        <line num="68" count="0" type="stmt"/>
        <line num="69" count="0" type="stmt"/>
        <line num="70" count="0" type="stmt"/>
        <line num="71" count="0" type="stmt"/>
        <line num="72" count="0" type="stmt"/>
        <line num="73" count="0" type="stmt"/>
        <line num="74" count="0" type="stmt"/>
        <line num="75" count="0" type="stmt"/>
        <line num="76" count="0" type="stmt"/>
        <line num="77" count="0" type="stmt"/>
        <line num="78" count="0" type="stmt"/>
        <line num="79" count="0" type="stmt"/>
        <line num="80" count="0" type="stmt"/>
        <line num="81" count="0" type="stmt"/>
        <line num="82" count="0" type="stmt"/>
        <line num="83" count="0" type="stmt"/>
        <line num="84" count="0" type="stmt"/>
        <line num="85" count="0" type="stmt"/>
        <line num="86" count="0" type="stmt"/>
        <line num="87" count="0" type="stmt"/>
        <line num="88" count="0" type="stmt"/>
        <line num="89" count="0" type="stmt"/>
        <line num="90" count="0" type="stmt"/>
        <line num="91" count="0" type="stmt"/>
        <line num="92" count="0" type="stmt"/>
        <line num="93" count="0" type="stmt"/>
        <line num="94" count="0" type="stmt"/>
        <line num="95" count="2" type="stmt"/>
        <line num="96" count="2" type="stmt"/>
        <line num="97" count="2" type="stmt"/>
        <line num="98" count="2" type="cond" truecount="1" falsecount="1"/>
        <line num="99" count="0" type="stmt"/>
        <line num="100" count="0" type="stmt"/>
        <line num="101" count="0" type="stmt"/>
        <line num="102" count="0" type="stmt"/>
        <line num="103" count="0" type="stmt"/>
        <line num="104" count="0" type="stmt"/>
        <line num="105" count="0" type="stmt"/>
        <line num="106" count="0" type="stmt"/>
        <line num="107" count="0" type="stmt"/>
        <line num="108" count="0" type="stmt"/>
        <line num="109" count="0" type="stmt"/>
        <line num="110" count="0" type="stmt"/>
        <line num="111" count="0" type="stmt"/>
        <line num="112" count="0" type="stmt"/>
        <line num="113" count="0" type="stmt"/>
        <line num="114" count="0" type="stmt"/>
        <line num="115" count="0" type="stmt"/>
        <line num="116" count="0" type="stmt"/>
        <line num="117" count="0" type="stmt"/>
        <line num="118" count="0" type="stmt"/>
        <line num="119" count="0" type="stmt"/>
        <line num="120" count="0" type="stmt"/>
        <line num="121" count="0" type="stmt"/>
        <line num="122" count="0" type="stmt"/>
        <line num="123" count="0" type="stmt"/>
        <line num="124" count="0" type="stmt"/>
        <line num="125" count="0" type="stmt"/>
        <line num="126" count="0" type="stmt"/>
        <line num="127" count="0" type="stmt"/>
        <line num="128" count="0" type="stmt"/>
        <line num="129" count="0" type="stmt"/>
        <line num="130" count="0" type="stmt"/>
        <line num="131" count="0" type="stmt"/>
        <line num="132" count="0" type="stmt"/>
        <line num="133" count="0" type="stmt"/>
        <line num="134" count="0" type="stmt"/>
        <line num="135" count="0" type="stmt"/>
        <line num="136" count="0" type="stmt"/>
        <line num="137" count="0" type="stmt"/>
        <line num="138" count="0" type="stmt"/>
        <line num="139" count="0" type="stmt"/>
        <line num="140" count="0" type="stmt"/>
        <line num="141" count="0" type="stmt"/>
        <line num="142" count="0" type="stmt"/>
        <line num="143" count="2" type="stmt"/>
        <line num="144" count="2" type="stmt"/>
        <line num="145" count="2" type="stmt"/>
        <line num="146" count="2" type="stmt"/>
        <line num="147" count="1" type="stmt"/>
        <line num="148" count="1" type="stmt"/>
      </file>
    </package>
    <package name="src.components.NudgeMessage">
      <metrics statements="51" coveredstatements="51" conditionals="4" coveredconditionals="4" methods="3" coveredmethods="2"/>
      <file name="NudgeQuantityRebate.tsx" path="C:\Users\2100m\repos\Front-End-Web-Technology\src\components\NudgeMessage\NudgeQuantityRebate.tsx">
        <metrics statements="28" coveredstatements="28" conditionals="3" coveredconditionals="3" methods="1" coveredmethods="1"/>
        <line num="1" count="1" type="stmt"/>
        <line num="2" count="1" type="stmt"/>
        <line num="3" count="1" type="stmt"/>
        <line num="4" count="1" type="stmt"/>
        <line num="5" count="1" type="stmt"/>
        <line num="6" count="1" type="stmt"/>
        <line num="7" count="1" type="stmt"/>
        <line num="8" count="1" type="cond" truecount="1" falsecount="0"/>
        <line num="9" count="29" type="stmt"/>
        <line num="10" count="29" type="stmt"/>
        <line num="11" count="29" type="stmt"/>
        <line num="12" count="29" type="stmt"/>
        <line num="13" count="29" type="stmt"/>
        <line num="14" count="29" type="cond" truecount="1" falsecount="0"/>
        <line num="15" count="28" type="stmt"/>
        <line num="16" count="28" type="stmt"/>
        <line num="17" count="28" type="cond" truecount="1" falsecount="0"/>
        <line num="18" count="1" type="stmt"/>
        <line num="19" count="1" type="stmt"/>
        <line num="20" count="1" type="stmt"/>
        <line num="21" count="1" type="stmt"/>
        <line num="22" count="1" type="stmt"/>
        <line num="23" count="29" type="stmt"/>
        <line num="24" count="29" type="stmt"/>
        <line num="25" count="29" type="stmt"/>
        <line num="26" count="29" type="stmt"/>
        <line num="27" count="1" type="stmt"/>
        <line num="28" count="1" type="stmt"/>
      </file>
      <file name="NudgeUpSell.tsx" path="C:\Users\2100m\repos\Front-End-Web-Technology\src\components\NudgeMessage\NudgeUpSell.tsx">
        <metrics statements="23" coveredstatements="23" conditionals="1" coveredconditionals="1" methods="2" coveredmethods="1"/>
        <line num="1" count="1" type="stmt"/>
        <line num="2" count="1" type="stmt"/>
        <line num="3" count="1" type="stmt"/>
        <line num="4" count="1" type="stmt"/>
        <line num="5" count="1" type="stmt"/>
        <line num="6" count="1" type="stmt"/>
        <line num="7" count="1" type="stmt"/>
        <line num="8" count="1" type="stmt"/>
        <line num="9" count="1" type="cond" truecount="1" falsecount="0"/>
        <line num="10" count="4" type="stmt"/>
        <line num="11" count="4" type="stmt"/>
        <line num="12" count="4" type="stmt"/>
        <line num="13" count="4" type="stmt"/>
        <line num="14" count="4" type="stmt"/>
        <line num="15" count="4" type="stmt"/>
        <line num="16" count="4" type="stmt"/>
        <line num="17" count="4" type="stmt"/>
        <line num="18" count="4" type="stmt"/>
        <line num="19" count="4" type="stmt"/>
        <line num="20" count="4" type="stmt"/>
        <line num="21" count="4" type="stmt"/>
        <line num="22" count="1" type="stmt"/>
        <line num="23" count="1" type="stmt"/>
      </file>
    </package>
    <package name="src.components.Payment">
      <metrics statements="54" coveredstatements="6" conditionals="0" coveredconditionals="0" methods="1" coveredmethods="0"/>
      <file name="Payment.tsx" path="C:\Users\2100m\repos\Front-End-Web-Technology\src\components\Payment\Payment.tsx">
        <metrics statements="54" coveredstatements="6" conditionals="0" coveredconditionals="0" methods="1" coveredmethods="0"/>
        <line num="1" count="1" type="stmt"/>
        <line num="2" count="1" type="stmt"/>
        <line num="3" count="1" type="stmt"/>
        <line num="4" count="1" type="stmt"/>
        <line num="5" count="0" type="stmt"/>
        <line num="6" count="0" type="stmt"/>
        <line num="7" count="0" type="stmt"/>
        <line num="8" count="0" type="stmt"/>
        <line num="9" count="0" type="stmt"/>
        <line num="10" count="0" type="stmt"/>
        <line num="11" count="0" type="stmt"/>
        <line num="12" count="0" type="stmt"/>
        <line num="13" count="0" type="stmt"/>
        <line num="14" count="0" type="stmt"/>
        <line num="15" count="0" type="stmt"/>
        <line num="16" count="0" type="stmt"/>
        <line num="17" count="0" type="stmt"/>
        <line num="18" count="0" type="stmt"/>
        <line num="19" count="0" type="stmt"/>
        <line num="20" count="0" type="stmt"/>
        <line num="21" count="0" type="stmt"/>
        <line num="22" count="0" type="stmt"/>
        <line num="23" count="0" type="stmt"/>
        <line num="24" count="0" type="stmt"/>
        <line num="25" count="0" type="stmt"/>
        <line num="26" count="0" type="stmt"/>
        <line num="27" count="0" type="stmt"/>
        <line num="28" count="0" type="stmt"/>
        <line num="29" count="0" type="stmt"/>
        <line num="30" count="0" type="stmt"/>
        <line num="31" count="0" type="stmt"/>
        <line num="32" count="0" type="stmt"/>
        <line num="33" count="0" type="stmt"/>
        <line num="34" count="0" type="stmt"/>
        <line num="35" count="0" type="stmt"/>
        <line num="36" count="0" type="stmt"/>
        <line num="37" count="0" type="stmt"/>
        <line num="38" count="0" type="stmt"/>
        <line num="39" count="0" type="stmt"/>
        <line num="40" count="0" type="stmt"/>
        <line num="41" count="0" type="stmt"/>
        <line num="42" count="0" type="stmt"/>
        <line num="43" count="0" type="stmt"/>
        <line num="44" count="0" type="stmt"/>
        <line num="45" count="0" type="stmt"/>
        <line num="46" count="0" type="stmt"/>
        <line num="47" count="0" type="stmt"/>
        <line num="48" count="0" type="stmt"/>
        <line num="49" count="0" type="stmt"/>
        <line num="50" count="0" type="stmt"/>
        <line num="51" count="0" type="stmt"/>
        <line num="52" count="0" type="stmt"/>
        <line num="53" count="1" type="stmt"/>
        <line num="54" count="1" type="stmt"/>
      </file>
    </package>
    <package name="src.components.Receipt">
      <metrics statements="65" coveredstatements="6" conditionals="0" coveredconditionals="0" methods="1" coveredmethods="0"/>
      <file name="Receipt.tsx" path="C:\Users\2100m\repos\Front-End-Web-Technology\src\components\Receipt\Receipt.tsx">
        <metrics statements="65" coveredstatements="6" conditionals="0" coveredconditionals="0" methods="1" coveredmethods="0"/>
        <line num="1" count="1" type="stmt"/>
        <line num="2" count="1" type="stmt"/>
        <line num="3" count="1" type="stmt"/>
        <line num="4" count="1" type="stmt"/>
        <line num="5" count="0" type="stmt"/>
        <line num="6" count="0" type="stmt"/>
        <line num="7" count="0" type="stmt"/>
        <line num="8" count="0" type="stmt"/>
        <line num="9" count="0" type="stmt"/>
        <line num="10" count="0" type="stmt"/>
        <line num="11" count="0" type="stmt"/>
        <line num="12" count="0" type="stmt"/>
        <line num="13" count="0" type="stmt"/>
        <line num="14" count="0" type="stmt"/>
        <line num="15" count="0" type="stmt"/>
        <line num="16" count="0" type="stmt"/>
        <line num="17" count="0" type="stmt"/>
        <line num="18" count="0" type="stmt"/>
        <line num="19" count="0" type="stmt"/>
        <line num="20" count="0" type="stmt"/>
        <line num="21" count="0" type="stmt"/>
        <line num="22" count="0" type="stmt"/>
        <line num="23" count="0" type="stmt"/>
        <line num="24" count="0" type="stmt"/>
        <line num="25" count="0" type="stmt"/>
        <line num="26" count="0" type="stmt"/>
        <line num="27" count="0" type="stmt"/>
        <line num="28" count="0" type="stmt"/>
        <line num="29" count="0" type="stmt"/>
        <line num="30" count="0" type="stmt"/>
        <line num="31" count="0" type="stmt"/>
        <line num="32" count="0" type="stmt"/>
        <line num="33" count="0" type="stmt"/>
        <line num="34" count="0" type="stmt"/>
        <line num="35" count="0" type="stmt"/>
        <line num="36" count="0" type="stmt"/>
        <line num="37" count="0" type="stmt"/>
        <line num="38" count="0" type="stmt"/>
        <line num="39" count="0" type="stmt"/>
        <line num="40" count="0" type="stmt"/>
        <line num="41" count="0" type="stmt"/>
        <line num="42" count="0" type="stmt"/>
        <line num="43" count="0" type="stmt"/>
        <line num="44" count="0" type="stmt"/>
        <line num="45" count="0" type="stmt"/>
        <line num="46" count="0" type="stmt"/>
        <line num="47" count="0" type="stmt"/>
        <line num="48" count="0" type="stmt"/>
        <line num="49" count="0" type="stmt"/>
        <line num="50" count="0" type="stmt"/>
        <line num="51" count="0" type="stmt"/>
        <line num="52" count="0" type="stmt"/>
        <line num="53" count="0" type="stmt"/>
        <line num="54" count="0" type="stmt"/>
        <line num="55" count="0" type="stmt"/>
        <line num="56" count="0" type="stmt"/>
        <line num="57" count="0" type="stmt"/>
        <line num="58" count="0" type="stmt"/>
        <line num="59" count="0" type="stmt"/>
        <line num="60" count="0" type="stmt"/>
        <line num="61" count="0" type="stmt"/>
        <line num="62" count="0" type="stmt"/>
        <line num="63" count="0" type="stmt"/>
        <line num="64" count="1" type="stmt"/>
        <line num="65" count="1" type="stmt"/>
      </file>
    </package>
    <package name="src.components.Utility">
      <metrics statements="43" coveredstatements="37" conditionals="5" coveredconditionals="3" methods="2" coveredmethods="2"/>
      <file name="fetchProducts.tsx" path="C:\Users\2100m\repos\Front-End-Web-Technology\src\components\Utility\fetchProducts.tsx">
        <metrics statements="43" coveredstatements="37" conditionals="5" coveredconditionals="3" methods="2" coveredmethods="2"/>
        <line num="1" count="1" type="stmt"/>
        <line num="2" count="1" type="stmt"/>
        <line num="3" count="1" type="stmt"/>
        <line num="4" count="1" type="cond" truecount="1" falsecount="0"/>
        <line num="5" count="5" type="stmt"/>
        <line num="6" count="5" type="stmt"/>
        <line num="7" count="5" type="stmt"/>
        <line num="8" count="5" type="stmt"/>
        <line num="9" count="5" type="stmt"/>
        <line num="10" count="5" type="stmt"/>
        <line num="11" count="5" type="stmt"/>
        <line num="12" count="5" type="stmt"/>
        <line num="13" count="5" type="stmt"/>
        <line num="14" count="5" type="stmt"/>
        <line num="15" count="5" type="stmt"/>
        <line num="16" count="5" type="stmt"/>
        <line num="17" count="5" type="stmt"/>
        <line num="18" count="5" type="stmt"/>
        <line num="19" count="5" type="stmt"/>
        <line num="20" count="5" type="stmt"/>
        <line num="21" count="5" type="stmt"/>
        <line num="22" count="5" type="stmt"/>
        <line num="23" count="5" type="stmt"/>
        <line num="24" count="5" type="cond" truecount="1" falsecount="0"/>
        <line num="25" count="4" type="stmt"/>
        <line num="26" count="4" type="stmt"/>
        <line num="27" count="4" type="cond" truecount="0" falsecount="1"/>
        <line num="28" count="0" type="stmt"/>
        <line num="29" count="0" type="stmt"/>
        <line num="30" count="0" type="stmt"/>
        <line num="31" count="0" type="stmt"/>
        <line num="32" count="4" type="stmt"/>
        <line num="33" count="4" type="cond" truecount="0" falsecount="1"/>
        <line num="34" count="0" type="stmt"/>
        <line num="35" count="0" type="stmt"/>
        <line num="36" count="4" type="stmt"/>
        <line num="37" count="4" type="stmt"/>
        <line num="38" count="4" type="stmt"/>
        <line num="39" count="4" type="stmt"/>
        <line num="40" count="4" type="stmt"/>
        <line num="41" count="4" type="stmt"/>
        <line num="42" count="4" type="stmt"/>
        <line num="43" count="5" type="cond" truecount="1" falsecount="0"/>
      </file>
    </package>
    <package name="src.contexts">
      <metrics statements="354" coveredstatements="300" conditionals="48" coveredconditionals="42" methods="26" coveredmethods="17"/>
      <file name="CartContext.tsx" path="C:\Users\2100m\repos\Front-End-Web-Technology\src\contexts\CartContext.tsx">
        <metrics statements="231" coveredstatements="197" conditionals="33" coveredconditionals="31" methods="19" coveredmethods="10"/>
        <line num="1" count="1" type="stmt"/>
        <line num="2" count="1" type="stmt"/>
        <line num="3" count="1" type="stmt"/>
        <line num="4" count="1" type="stmt"/>
        <line num="5" count="1" type="stmt"/>
        <line num="6" count="1" type="stmt"/>
        <line num="7" count="1" type="stmt"/>
        <line num="8" count="1" type="stmt"/>
        <line num="9" count="1" type="stmt"/>
        <line num="10" count="1" type="stmt"/>
        <line num="11" count="1" type="stmt"/>
        <line num="12" count="1" type="stmt"/>
        <line num="13" count="1" type="stmt"/>
        <line num="14" count="1" type="stmt"/>
        <line num="15" count="1" type="stmt"/>
        <line num="16" count="1" type="stmt"/>
        <line num="17" count="1" type="stmt"/>
        <line num="18" count="1" type="stmt"/>
        <line num="19" count="1" type="stmt"/>
        <line num="20" count="1" type="stmt"/>
        <line num="21" count="1" type="stmt"/>
        <line num="22" count="1" type="stmt"/>
        <line num="23" count="1" type="stmt"/>
        <line num="24" count="1" type="stmt"/>
        <line num="25" count="1" type="stmt"/>
        <line num="26" count="1" type="stmt"/>
        <line num="27" count="1" type="stmt"/>
        <line num="28" count="1" type="stmt"/>
        <line num="29" count="1" type="stmt"/>
        <line num="30" count="1" type="stmt"/>
        <line num="31" count="1" type="stmt"/>
        <line num="32" count="1" type="stmt"/>
        <line num="33" count="1" type="stmt"/>
        <line num="34" count="1" type="stmt"/>
        <line num="35" count="1" type="stmt"/>
        <line num="36" count="1" type="stmt"/>
        <line num="37" count="1" type="stmt"/>
        <line num="38" count="1" type="stmt"/>
        <line num="39" count="1" type="stmt"/>
        <line num="40" count="1" type="stmt"/>
        <line num="41" count="1" type="stmt"/>
        <line num="42" count="1" type="stmt"/>
        <line num="43" count="1" type="stmt"/>
        <line num="44" count="1" type="stmt"/>
        <line num="45" count="1" type="stmt"/>
        <line num="46" count="1" type="stmt"/>
        <line num="47" count="1" type="stmt"/>
        <line num="48" count="1" type="stmt"/>
        <line num="49" count="1" type="stmt"/>
        <line num="50" count="0" type="stmt"/>
        <line num="51" count="0" type="stmt"/>
        <line num="52" count="0" type="stmt"/>
        <line num="53" count="0" type="stmt"/>
        <line num="54" count="0" type="stmt"/>
        <line num="55" count="0" type="stmt"/>
        <line num="56" count="0" type="stmt"/>
        <line num="57" count="1" type="stmt"/>
        <line num="58" count="1" type="stmt"/>
        <line num="59" count="1" type="stmt"/>
        <line num="60" count="1" type="stmt"/>
        <line num="61" count="1" type="stmt"/>
        <line num="62" count="1" type="stmt"/>
        <line num="63" count="1" type="stmt"/>
        <line num="64" count="1" type="stmt"/>
        <line num="65" count="1" type="cond" truecount="1" falsecount="0"/>
        <line num="66" count="111" type="stmt"/>
        <line num="67" count="111" type="cond" truecount="1" falsecount="0"/>
        <line num="68" count="1" type="stmt"/>
        <line num="69" count="1" type="stmt"/>
        <line num="70" count="1" type="cond" truecount="1" falsecount="0"/>
        <line num="71" count="21" type="stmt"/>
        <line num="72" count="21" type="stmt"/>
        <line num="73" count="21" type="cond" truecount="1" falsecount="0"/>
        <line num="74" count="9" type="stmt"/>
        <line num="75" count="9" type="cond" truecount="2" falsecount="0"/>
        <line num="76" count="21" type="stmt"/>
        <line num="77" count="21" type="stmt"/>
        <line num="78" count="21" type="cond" truecount="1" falsecount="0"/>
        <line num="79" count="9" type="stmt"/>
        <line num="80" count="9" type="cond" truecount="2" falsecount="0"/>
        <line num="81" count="21" type="stmt"/>
        <line num="82" count="21" type="stmt"/>
        <line num="83" count="21" type="stmt"/>
        <line num="84" count="21" type="cond" truecount="1" falsecount="0"/>
        <line num="85" count="17" type="stmt"/>
        <line num="86" count="21" type="stmt"/>
        <line num="87" count="21" type="stmt"/>
        <line num="88" count="21" type="cond" truecount="1" falsecount="0"/>
        <line num="89" count="9" type="stmt"/>
        <line num="90" count="9" type="cond" truecount="1" falsecount="0"/>
        <line num="91" count="5" type="stmt"/>
        <line num="92" count="5" type="cond" truecount="1" falsecount="0"/>
        <line num="93" count="4" type="stmt"/>
        <line num="94" count="4" type="stmt"/>
        <line num="95" count="4" type="stmt"/>
        <line num="96" count="4" type="stmt"/>
        <line num="97" count="5" type="stmt"/>
        <line num="98" count="9" type="cond" truecount="1" falsecount="0"/>
        <line num="99" count="9" type="stmt"/>
        <line num="100" count="21" type="stmt"/>
        <line num="101" count="21" type="stmt"/>
        <line num="102" count="21" type="stmt"/>
        <line num="103" count="21" type="stmt"/>
        <line num="104" count="21" type="cond" truecount="1" falsecount="0"/>
        <line num="105" count="12" type="stmt"/>
        <line num="106" count="12" type="cond" truecount="2" falsecount="0"/>
        <line num="107" count="2" type="stmt"/>
        <line num="108" count="2" type="cond" truecount="1" falsecount="0"/>
        <line num="109" count="6" type="stmt"/>
        <line num="110" count="6" type="stmt"/>
        <line num="111" count="2" type="stmt"/>
        <line num="112" count="2" type="stmt"/>
        <line num="113" count="2" type="stmt"/>
        <line num="114" count="21" type="stmt"/>
        <line num="115" count="21" type="stmt"/>
        <line num="116" count="21" type="stmt"/>
        <line num="117" count="21" type="cond" truecount="1" falsecount="0"/>
        <line num="118" count="2" type="cond" truecount="1" falsecount="0"/>
        <line num="119" count="2" type="stmt"/>
        <line num="120" count="2" type="stmt"/>
        <line num="121" count="21" type="stmt"/>
        <line num="122" count="21" type="stmt"/>
        <line num="123" count="0" type="stmt"/>
        <line num="124" count="0" type="stmt"/>
        <line num="125" count="0" type="stmt"/>
        <line num="126" count="0" type="stmt"/>
        <line num="127" count="0" type="stmt"/>
        <line num="128" count="0" type="stmt"/>
        <line num="129" count="0" type="stmt"/>
        <line num="130" count="0" type="stmt"/>
        <line num="131" count="0" type="stmt"/>
        <line num="132" count="0" type="stmt"/>
        <line num="133" count="0" type="stmt"/>
        <line num="134" count="0" type="stmt"/>
        <line num="135" count="0" type="stmt"/>
        <line num="136" count="0" type="stmt"/>
        <line num="137" count="0" type="stmt"/>
        <line num="138" count="0" type="stmt"/>
        <line num="139" count="0" type="stmt"/>
        <line num="140" count="0" type="stmt"/>
        <line num="141" count="0" type="stmt"/>
        <line num="142" count="0" type="stmt"/>
        <line num="143" count="0" type="stmt"/>
        <line num="144" count="21" type="stmt"/>
        <line num="145" count="21" type="stmt"/>
        <line num="146" count="21" type="stmt"/>
        <line num="147" count="21" type="stmt"/>
        <line num="148" count="21" type="stmt"/>
        <line num="149" count="21" type="stmt"/>
        <line num="150" count="21" type="stmt"/>
        <line num="151" count="21" type="cond" truecount="1" falsecount="0"/>
        <line num="152" count="13" type="stmt"/>
        <line num="153" count="13" type="stmt"/>
        <line num="154" count="13" type="stmt"/>
        <line num="155" count="13" type="stmt"/>
        <line num="156" count="13" type="stmt"/>
        <line num="157" count="13" type="stmt"/>
        <line num="158" count="13" type="stmt"/>
        <line num="159" count="13" type="stmt"/>
        <line num="160" count="13" type="stmt"/>
        <line num="161" count="13" type="cond" truecount="1" falsecount="0"/>
        <line num="162" count="29" type="stmt"/>
        <line num="163" count="29" type="stmt"/>
        <line num="164" count="29" type="stmt"/>
        <line num="165" count="29" type="stmt"/>
        <line num="166" count="29" type="cond" truecount="1" falsecount="0"/>
        <line num="167" count="1" type="stmt"/>
        <line num="168" count="1" type="stmt"/>
        <line num="169" count="1" type="stmt"/>
        <line num="170" count="1" type="stmt"/>
        <line num="171" count="1" type="cond" truecount="1" falsecount="0"/>
        <line num="172" count="28" type="stmt"/>
        <line num="173" count="29" type="stmt"/>
        <line num="174" count="29" type="stmt"/>
        <line num="175" count="29" type="stmt"/>
        <line num="176" count="29" type="stmt"/>
        <line num="177" count="29" type="stmt"/>
        <line num="178" count="13" type="stmt"/>
        <line num="179" count="13" type="stmt"/>
        <line num="180" count="13" type="cond" truecount="0" falsecount="1"/>
        <line num="181" count="0" type="stmt"/>
        <line num="182" count="0" type="stmt"/>
        <line num="183" count="0" type="stmt"/>
        <line num="184" count="13" type="stmt"/>
        <line num="185" count="13" type="stmt"/>
        <line num="186" count="13" type="stmt"/>
        <line num="187" count="13" type="stmt"/>
        <line num="188" count="13" type="cond" truecount="0" falsecount="1"/>
        <line num="189" count="0" type="stmt"/>
        <line num="190" count="0" type="stmt"/>
        <line num="191" count="0" type="stmt"/>
        <line num="192" count="13" type="stmt"/>
        <line num="193" count="13" type="stmt"/>
        <line num="194" count="13" type="stmt"/>
        <line num="195" count="21" type="stmt"/>
        <line num="196" count="21" type="cond" truecount="1" falsecount="0"/>
        <line num="197" count="4" type="stmt"/>
        <line num="198" count="4" type="cond" truecount="1" falsecount="0"/>
        <line num="199" count="4" type="stmt"/>
        <line num="200" count="21" type="stmt"/>
        <line num="201" count="21" type="cond" truecount="1" falsecount="0"/>
        <line num="202" count="4" type="cond" truecount="1" falsecount="0"/>
        <line num="203" count="4" type="stmt"/>
        <line num="204" count="4" type="stmt"/>
        <line num="205" count="4" type="stmt"/>
        <line num="206" count="4" type="stmt"/>
        <line num="207" count="4" type="stmt"/>
        <line num="208" count="4" type="stmt"/>
        <line num="209" count="4" type="stmt"/>
        <line num="210" count="21" type="stmt"/>
        <line num="211" count="21" type="cond" truecount="1" falsecount="0"/>
        <line num="212" count="9" type="cond" truecount="1" falsecount="0"/>
        <line num="213" count="9" type="stmt"/>
        <line num="214" count="21" type="stmt"/>
        <line num="215" count="21" type="stmt"/>
        <line num="216" count="21" type="stmt"/>
        <line num="217" count="21" type="stmt"/>
        <line num="218" count="21" type="stmt"/>
        <line num="219" count="21" type="stmt"/>
        <line num="220" count="21" type="stmt"/>
        <line num="221" count="21" type="stmt"/>
        <line num="222" count="21" type="stmt"/>
        <line num="223" count="21" type="stmt"/>
        <line num="224" count="21" type="stmt"/>
        <line num="225" count="21" type="stmt"/>
        <line num="226" count="21" type="stmt"/>
        <line num="227" count="21" type="stmt"/>
        <line num="228" count="21" type="stmt"/>
        <line num="229" count="21" type="stmt"/>
        <line num="230" count="21" type="stmt"/>
        <line num="231" count="9" type="cond" truecount="1" falsecount="0"/>
      </file>
      <file name="CheckoutContext.tsx" path="C:\Users\2100m\repos\Front-End-Web-Technology\src\contexts\CheckoutContext.tsx">
        <metrics statements="123" coveredstatements="103" conditionals="15" coveredconditionals="11" methods="7" coveredmethods="7"/>
        <line num="1" count="1" type="stmt"/>
        <line num="2" count="1" type="stmt"/>
        <line num="3" count="1" type="stmt"/>
        <line num="4" count="1" type="stmt"/>
        <line num="5" count="1" type="stmt"/>
        <line num="6" count="1" type="stmt"/>
        <line num="7" count="1" type="stmt"/>
        <line num="8" count="1" type="stmt"/>
        <line num="9" count="1" type="stmt"/>
        <line num="10" count="1" type="stmt"/>
        <line num="11" count="1" type="stmt"/>
        <line num="12" count="1" type="stmt"/>
        <line num="13" count="1" type="stmt"/>
        <line num="14" count="1" type="stmt"/>
        <line num="15" count="1" type="stmt"/>
        <line num="16" count="1" type="stmt"/>
        <line num="17" count="1" type="stmt"/>
        <line num="18" count="1" type="cond" truecount="2" falsecount="0"/>
        <line num="19" count="1" type="stmt"/>
        <line num="20" count="1" type="cond" truecount="1" falsecount="0"/>
        <line num="21" count="2" type="stmt"/>
        <line num="22" count="2" type="stmt"/>
        <line num="23" count="2" type="stmt"/>
        <line num="24" count="2" type="cond" truecount="1" falsecount="0"/>
        <line num="25" count="2" type="stmt"/>
        <line num="26" count="2" type="stmt"/>
        <line num="27" count="2" type="stmt"/>
        <line num="28" count="2" type="stmt"/>
        <line num="29" count="2" type="stmt"/>
        <line num="30" count="2" type="stmt"/>
        <line num="31" count="2" type="stmt"/>
        <line num="32" count="2" type="stmt"/>
        <line num="33" count="2" type="stmt"/>
        <line num="34" count="2" type="stmt"/>
        <line num="35" count="2" type="stmt"/>
        <line num="36" count="2" type="stmt"/>
        <line num="37" count="2" type="stmt"/>
        <line num="38" count="2" type="stmt"/>
        <line num="39" count="2" type="stmt"/>
        <line num="40" count="2" type="stmt"/>
        <line num="41" count="2" type="stmt"/>
        <line num="42" count="2" type="cond" truecount="1" falsecount="0"/>
        <line num="43" count="24" type="stmt"/>
        <line num="44" count="24" type="stmt"/>
        <line num="45" count="24" type="cond" truecount="0" falsecount="1"/>
        <line num="46" count="0" type="stmt"/>
        <line num="47" count="0" type="stmt"/>
        <line num="48" count="2" type="stmt"/>
        <line num="49" count="2" type="stmt"/>
        <line num="50" count="2" type="stmt"/>
        <line num="51" count="2" type="stmt"/>
        <line num="52" count="2" type="stmt"/>
        <line num="53" count="2" type="stmt"/>
        <line num="54" count="2" type="stmt"/>
        <line num="55" count="2" type="cond" truecount="1" falsecount="0"/>
        <line num="56" count="1" type="stmt"/>
        <line num="57" count="1" type="stmt"/>
        <line num="58" count="1" type="stmt"/>
        <line num="59" count="1" type="stmt"/>
        <line num="60" count="1" type="stmt"/>
        <line num="61" count="1" type="stmt"/>
        <line num="62" count="2" type="stmt"/>
        <line num="63" count="2" type="cond" truecount="1" falsecount="0"/>
        <line num="64" count="1" type="stmt"/>
        <line num="65" count="1" type="cond" truecount="0" falsecount="1"/>
        <line num="66" count="2" type="stmt"/>
        <line num="67" count="2" type="stmt"/>
        <line num="68" count="2" type="stmt"/>
        <line num="69" count="2" type="stmt"/>
        <line num="70" count="2" type="cond" truecount="1" falsecount="0"/>
        <line num="71" count="1" type="stmt"/>
        <line num="72" count="1" type="stmt"/>
        <line num="73" count="1" type="stmt"/>
        <line num="74" count="1" type="stmt"/>
        <line num="75" count="1" type="cond" truecount="0" falsecount="1"/>
        <line num="76" count="0" type="stmt"/>
        <line num="77" count="0" type="stmt"/>
        <line num="78" count="0" type="stmt"/>
        <line num="79" count="0" type="stmt"/>
        <line num="80" count="0" type="stmt"/>
        <line num="81" count="0" type="stmt"/>
        <line num="82" count="0" type="stmt"/>
        <line num="83" count="0" type="stmt"/>
        <line num="84" count="0" type="stmt"/>
        <line num="85" count="1" type="stmt"/>
        <line num="86" count="2" type="stmt"/>
        <line num="87" count="2" type="cond" truecount="1" falsecount="0"/>
        <line num="88" count="1" type="stmt"/>
        <line num="89" count="1" type="stmt"/>
        <line num="90" count="1" type="stmt"/>
        <line num="91" count="2" type="stmt"/>
        <line num="92" count="2" type="stmt"/>
        <line num="93" count="2" type="stmt"/>
        <line num="94" count="2" type="cond" truecount="1" falsecount="0"/>
        <line num="95" count="1" type="cond" truecount="0" falsecount="1"/>
        <line num="96" count="0" type="stmt"/>
        <line num="97" count="0" type="stmt"/>
        <line num="98" count="0" type="stmt"/>
        <line num="99" count="0" type="stmt"/>
        <line num="100" count="0" type="stmt"/>
        <line num="101" count="0" type="stmt"/>
        <line num="102" count="0" type="stmt"/>
        <line num="103" count="0" type="stmt"/>
        <line num="104" count="0" type="stmt"/>
        <line num="105" count="1" type="stmt"/>
        <line num="106" count="1" type="stmt"/>
        <line num="107" count="1" type="stmt"/>
        <line num="108" count="2" type="stmt"/>
        <line num="109" count="2" type="stmt"/>
        <line num="110" count="2" type="stmt"/>
        <line num="111" count="2" type="stmt"/>
        <line num="112" count="2" type="stmt"/>
        <line num="113" count="2" type="stmt"/>
        <line num="114" count="2" type="stmt"/>
        <line num="115" count="2" type="stmt"/>
        <line num="116" count="2" type="stmt"/>
        <line num="117" count="2" type="stmt"/>
        <line num="118" count="2" type="stmt"/>
        <line num="119" count="2" type="stmt"/>
        <line num="120" count="2" type="stmt"/>
        <line num="121" count="2" type="stmt"/>
        <line num="122" count="2" type="stmt"/>
        <line num="123" count="1" type="cond" truecount="1" falsecount="0"/>
      </file>
    </package>
  </project>
</coverage>
