{"C:\\Users\\2100m\\repos\\Front-End-Web-Technology\\src\\App.tsx": {"path":"C:\\Users\\2100m\\repos\\Front-End-Web-Technology\\src\\App.tsx","all":false,"statementMap":{"0":{"start":{"line":1,"column":0},"end":{"line":1,"column":42}},"1":{"start":{"line":2,"column":0},"end":{"line":2,"column":59}},"2":{"start":{"line":3,"column":0},"end":{"line":3,"column":54}},"3":{"start":{"line":4,"column":0},"end":{"line":4,"column":51}},"4":{"start":{"line":5,"column":0},"end":{"line":5,"column":51}},"5":{"start":{"line":6,"column":0},"end":{"line":6,"column":79}},"6":{"start":{"line":7,"column":0},"end":{"line":7,"column":29}},"7":{"start":{"line":8,"column":0},"end":{"line":8,"column":62}},"8":{"start":{"line":9,"column":0},"end":{"line":9,"column":0}},"9":{"start":{"line":10,"column":0},"end":{"line":10,"column":16}},"10":{"start":{"line":11,"column":0},"end":{"line":11,"column":0}},"11":{"start":{"line":12,"column":0},"end":{"line":12,"column":20}},"12":{"start":{"line":13,"column":0},"end":{"line":13,"column":25}},"13":{"start":{"line":14,"column":0},"end":{"line":14,"column":35}},"14":{"start":{"line":15,"column":0},"end":{"line":15,"column":63}},"15":{"start":{"line":16,"column":0},"end":{"line":16,"column":35}},"16":{"start":{"line":17,"column":0},"end":{"line":17,"column":50}},"17":{"start":{"line":18,"column":0},"end":{"line":18,"column":12}},"18":{"start":{"line":19,"column":0},"end":{"line":19,"column":35}},"19":{"start":{"line":20,"column":0},"end":{"line":20,"column":44}},"20":{"start":{"line":21,"column":0},"end":{"line":21,"column":12}},"21":{"start":{"line":22,"column":0},"end":{"line":22,"column":44}},"22":{"start":{"line":23,"column":0},"end":{"line":23,"column":43}},"23":{"start":{"line":24,"column":0},"end":{"line":24,"column":12}},"24":{"start":{"line":25,"column":0},"end":{"line":25,"column":10}},"25":{"start":{"line":26,"column":0},"end":{"line":26,"column":8}},"26":{"start":{"line":27,"column":0},"end":{"line":27,"column":1}},"27":{"start":{"line":28,"column":0},"end":{"line":28,"column":10}},"28":{"start":{"line":29,"column":0},"end":{"line":29,"column":6}},"29":{"start":{"line":30,"column":0},"end":{"line":30,"column":29}},"30":{"start":{"line":31,"column":0},"end":{"line":31,"column":0}},"31":{"start":{"line":32,"column":0},"end":{"line":32,"column":50}},"32":{"start":{"line":33,"column":0},"end":{"line":33,"column":59}},"33":{"start":{"line":34,"column":0},"end":{"line":34,"column":59}},"34":{"start":{"line":35,"column":0},"end":{"line":35,"column":12}},"35":{"start":{"line":36,"column":0},"end":{"line":36,"column":19}},"36":{"start":{"line":37,"column":0},"end":{"line":37,"column":22}},"37":{"start":{"line":38,"column":0},"end":{"line":38,"column":60}},"38":{"start":{"line":39,"column":0},"end":{"line":39,"column":23}},"39":{"start":{"line":40,"column":0},"end":{"line":40,"column":5}},"40":{"start":{"line":41,"column":0},"end":{"line":41,"column":4}},"41":{"start":{"line":42,"column":0},"end":{"line":42,"column":1}},"42":{"start":{"line":43,"column":0},"end":{"line":43,"column":0}},"43":{"start":{"line":44,"column":0},"end":{"line":44,"column":19}}},"s":{"0":1,"1":1,"2":1,"3":1,"4":1,"5":1,"6":1,"7":1,"8":1,"9":1,"10":1,"11":1,"12":1,"13":1,"14":1,"15":1,"16":1,"17":1,"18":1,"19":1,"20":1,"21":1,"22":1,"23":1,"24":1,"25":1,"26":1,"27":1,"28":1,"29":1,"30":1,"31":1,"32":1,"33":1,"34":1,"35":1,"36":1,"37":1,"38":1,"39":1,"40":1,"41":1,"42":1,"43":1},"branchMap":{"0":{"type":"branch","line":10,"loc":{"start":{"line":10,"column":0},"end":{"line":42,"column":1}},"locations":[{"start":{"line":10,"column":0},"end":{"line":42,"column":1}}]}},"b":{"0":[1]},"fnMap":{"0":{"name":"App","decl":{"start":{"line":10,"column":0},"end":{"line":42,"column":1}},"loc":{"start":{"line":10,"column":0},"end":{"line":42,"column":1}},"line":10}},"f":{"0":1}}
,"C:\\Users\\2100m\\repos\\Front-End-Web-Technology\\src\\Router.tsx": {"path":"C:\\Users\\2100m\\repos\\Front-End-Web-Technology\\src\\Router.tsx","all":false,"statementMap":{"0":{"start":{"line":1,"column":0},"end":{"line":1,"column":58}},"1":{"start":{"line":2,"column":0},"end":{"line":2,"column":0}},"2":{"start":{"line":3,"column":0},"end":{"line":3,"column":26}},"3":{"start":{"line":4,"column":0},"end":{"line":4,"column":17}},"4":{"start":{"line":5,"column":0},"end":{"line":5,"column":25}},"5":{"start":{"line":6,"column":0},"end":{"line":6,"column":1}},"6":{"start":{"line":7,"column":0},"end":{"line":7,"column":0}},"7":{"start":{"line":8,"column":0},"end":{"line":8,"column":48}},"8":{"start":{"line":9,"column":0},"end":{"line":9,"column":0}},"9":{"start":{"line":10,"column":0},"end":{"line":10,"column":0}},"10":{"start":{"line":11,"column":0},"end":{"line":11,"column":77}},"11":{"start":{"line":12,"column":0},"end":{"line":12,"column":0}},"12":{"start":{"line":13,"column":0},"end":{"line":13,"column":0}},"13":{"start":{"line":14,"column":0},"end":{"line":14,"column":21}},"14":{"start":{"line":15,"column":0},"end":{"line":15,"column":43}},"15":{"start":{"line":16,"column":0},"end":{"line":16,"column":53}},"16":{"start":{"line":17,"column":0},"end":{"line":17,"column":10}},"17":{"start":{"line":18,"column":0},"end":{"line":18,"column":0}},"18":{"start":{"line":19,"column":0},"end":{"line":19,"column":66}},"19":{"start":{"line":20,"column":0},"end":{"line":20,"column":66}},"20":{"start":{"line":21,"column":0},"end":{"line":21,"column":6}},"21":{"start":{"line":22,"column":0},"end":{"line":22,"column":0}},"22":{"start":{"line":23,"column":0},"end":{"line":23,"column":22}},"23":{"start":{"line":24,"column":0},"end":{"line":24,"column":73}},"24":{"start":{"line":25,"column":0},"end":{"line":25,"column":73}},"25":{"start":{"line":26,"column":0},"end":{"line":26,"column":11}},"26":{"start":{"line":27,"column":0},"end":{"line":27,"column":10}},"27":{"start":{"line":28,"column":0},"end":{"line":28,"column":11}},"28":{"start":{"line":29,"column":0},"end":{"line":29,"column":0}},"29":{"start":{"line":30,"column":0},"end":{"line":30,"column":0}},"30":{"start":{"line":31,"column":0},"end":{"line":31,"column":49}},"31":{"start":{"line":32,"column":0},"end":{"line":32,"column":0}},"32":{"start":{"line":33,"column":0},"end":{"line":33,"column":1}},"33":{"start":{"line":34,"column":0},"end":{"line":34,"column":0}},"34":{"start":{"line":35,"column":0},"end":{"line":35,"column":51}},"35":{"start":{"line":36,"column":0},"end":{"line":36,"column":43}},"36":{"start":{"line":37,"column":0},"end":{"line":37,"column":58}},"37":{"start":{"line":38,"column":0},"end":{"line":38,"column":42}},"38":{"start":{"line":39,"column":0},"end":{"line":39,"column":4}},"39":{"start":{"line":40,"column":0},"end":{"line":40,"column":0}},"40":{"start":{"line":41,"column":0},"end":{"line":41,"column":0}},"41":{"start":{"line":42,"column":0},"end":{"line":42,"column":34}},"42":{"start":{"line":43,"column":0},"end":{"line":43,"column":26}},"43":{"start":{"line":44,"column":0},"end":{"line":44,"column":4}},"44":{"start":{"line":45,"column":0},"end":{"line":45,"column":0}},"45":{"start":{"line":46,"column":0},"end":{"line":46,"column":22}}},"s":{"0":1,"1":1,"2":1,"3":1,"4":1,"5":1,"6":1,"7":1,"8":4,"9":4,"10":4,"11":4,"12":4,"13":4,"14":4,"15":0,"16":0,"17":4,"18":4,"19":4,"20":4,"21":4,"22":4,"23":4,"24":4,"25":4,"26":4,"27":4,"28":4,"29":4,"30":4,"31":4,"32":4,"33":1,"34":1,"35":1,"36":1,"37":1,"38":1,"39":1,"40":1,"41":1,"42":0,"43":0,"44":1,"45":1},"branchMap":{"0":{"type":"branch","line":8,"loc":{"start":{"line":8,"column":15},"end":{"line":33,"column":1}},"locations":[{"start":{"line":8,"column":15},"end":{"line":33,"column":1}}]},"1":{"type":"branch","line":31,"loc":{"start":{"line":31,"column":27},"end":{"line":31,"column":44}},"locations":[{"start":{"line":31,"column":27},"end":{"line":31,"column":44}}]},"2":{"type":"branch","line":31,"loc":{"start":{"line":31,"column":34},"end":{"line":31,"column":49}},"locations":[{"start":{"line":31,"column":34},"end":{"line":31,"column":49}}]},"3":{"type":"branch","line":14,"loc":{"start":{"line":14,"column":14},"end":{"line":28,"column":7}},"locations":[{"start":{"line":14,"column":14},"end":{"line":28,"column":7}}]},"4":{"type":"branch","line":23,"loc":{"start":{"line":23,"column":15},"end":{"line":27,"column":10}},"locations":[{"start":{"line":23,"column":15},"end":{"line":27,"column":10}}]},"5":{"type":"branch","line":35,"loc":{"start":{"line":35,"column":32},"end":{"line":39,"column":4}},"locations":[{"start":{"line":35,"column":32},"end":{"line":39,"column":4}}]},"6":{"type":"branch","line":39,"loc":{"start":{"line":39,"column":2},"end":{"line":39,"column":4}},"locations":[{"start":{"line":39,"column":2},"end":{"line":39,"column":4}}]}},"b":{"0":[4],"1":[1],"2":[3],"3":[4],"4":[4],"5":[1],"6":[1]},"fnMap":{"0":{"name":"Router","decl":{"start":{"line":8,"column":15},"end":{"line":33,"column":1}},"loc":{"start":{"line":8,"column":15},"end":{"line":33,"column":1}},"line":8},"1":{"name":"handleLocationChange","decl":{"start":{"line":15,"column":36},"end":{"line":17,"column":10}},"loc":{"start":{"line":15,"column":36},"end":{"line":17,"column":10}},"line":15},"2":{"name":"handleNavigation","decl":{"start":{"line":35,"column":32},"end":{"line":39,"column":4}},"loc":{"start":{"line":35,"column":32},"end":{"line":39,"column":4}},"line":35},"3":{"name":"get","decl":{"start":{"line":39,"column":2},"end":{"line":39,"column":4}},"loc":{"start":{"line":39,"column":2},"end":{"line":39,"column":4}},"line":39},"4":{"name":"handlePop","decl":{"start":{"line":42,"column":27},"end":{"line":44,"column":4}},"loc":{"start":{"line":42,"column":27},"end":{"line":44,"column":4}},"line":42},"5":{"name":"get","decl":{"start":{"line":44,"column":2},"end":{"line":44,"column":4}},"loc":{"start":{"line":44,"column":2},"end":{"line":44,"column":4}},"line":44}},"f":{"0":4,"1":0,"2":1,"3":1,"4":0,"5":0}}
,"C:\\Users\\2100m\\repos\\Front-End-Web-Technology\\src\\Utilities\\NumberUtitlity.tsx": {"path":"C:\\Users\\2100m\\repos\\Front-End-Web-Technology\\src\\Utilities\\NumberUtitlity.tsx","all":false,"statementMap":{"0":{"start":{"line":1,"column":0},"end":{"line":1,"column":53}},"1":{"start":{"line":2,"column":0},"end":{"line":2,"column":36}},"2":{"start":{"line":3,"column":0},"end":{"line":3,"column":1}},"3":{"start":{"line":4,"column":0},"end":{"line":4,"column":0}},"4":{"start":{"line":5,"column":0},"end":{"line":5,"column":53}},"5":{"start":{"line":6,"column":0},"end":{"line":6,"column":33}},"6":{"start":{"line":7,"column":0},"end":{"line":7,"column":1}}},"s":{"0":1,"1":0,"2":0,"3":1,"4":1,"5":14,"6":14},"branchMap":{"0":{"type":"branch","line":5,"loc":{"start":{"line":5,"column":27},"end":{"line":7,"column":1}},"locations":[{"start":{"line":5,"column":27},"end":{"line":7,"column":1}}]},"1":{"type":"branch","line":7,"loc":{"start":{"line":7,"column":0},"end":{"line":7,"column":1}},"locations":[{"start":{"line":7,"column":0},"end":{"line":7,"column":1}}]}},"b":{"0":[14],"1":[14]},"fnMap":{"0":{"name":"RoundToNearestHalf","decl":{"start":{"line":1,"column":52},"end":{"line":3,"column":1}},"loc":{"start":{"line":1,"column":52},"end":{"line":3,"column":1}},"line":1},"1":{"name":"get","decl":{"start":{"line":3,"column":0},"end":{"line":3,"column":1}},"loc":{"start":{"line":3,"column":0},"end":{"line":3,"column":1}},"line":3},"2":{"name":"TwoDecimals","decl":{"start":{"line":5,"column":27},"end":{"line":7,"column":1}},"loc":{"start":{"line":5,"column":27},"end":{"line":7,"column":1}},"line":5},"3":{"name":"get","decl":{"start":{"line":7,"column":0},"end":{"line":7,"column":1}},"loc":{"start":{"line":7,"column":0},"end":{"line":7,"column":1}},"line":7}},"f":{"0":0,"1":0,"2":14,"3":14}}
,"C:\\Users\\2100m\\repos\\Front-End-Web-Technology\\src\\Utilities\\SavingsUtility.tsx": {"path":"C:\\Users\\2100m\\repos\\Front-End-Web-Technology\\src\\Utilities\\SavingsUtility.tsx","all":false,"statementMap":{"0":{"start":{"line":1,"column":0},"end":{"line":1,"column":67}},"1":{"start":{"line":2,"column":0},"end":{"line":2,"column":51}},"2":{"start":{"line":3,"column":0},"end":{"line":3,"column":0}},"3":{"start":{"line":4,"column":0},"end":{"line":4,"column":93}},"4":{"start":{"line":5,"column":0},"end":{"line":5,"column":27}},"5":{"start":{"line":6,"column":0},"end":{"line":6,"column":74}},"6":{"start":{"line":7,"column":0},"end":{"line":7,"column":2}}},"s":{"0":1,"1":1,"2":1,"3":1,"4":0,"5":0,"6":0},"branchMap":{},"b":{},"fnMap":{"0":{"name":"calculateItemDiscount","decl":{"start":{"line":4,"column":37},"end":{"line":7,"column":2}},"loc":{"start":{"line":4,"column":37},"end":{"line":7,"column":2}},"line":4},"1":{"name":"get","decl":{"start":{"line":7,"column":0},"end":{"line":7,"column":2}},"loc":{"start":{"line":7,"column":0},"end":{"line":7,"column":2}},"line":7}},"f":{"0":0,"1":0}}
,"C:\\Users\\2100m\\repos\\Front-End-Web-Technology\\src\\components\\Cart\\Cart.tsx": {"path":"C:\\Users\\2100m\\repos\\Front-End-Web-Technology\\src\\components\\Cart\\Cart.tsx","all":false,"statementMap":{"0":{"start":{"line":1,"column":0},"end":{"line":1,"column":37}},"1":{"start":{"line":2,"column":0},"end":{"line":2,"column":43}},"2":{"start":{"line":3,"column":0},"end":{"line":3,"column":20}},"3":{"start":{"line":4,"column":0},"end":{"line":4,"column":34}},"4":{"start":{"line":5,"column":0},"end":{"line":5,"column":44}},"5":{"start":{"line":6,"column":0},"end":{"line":6,"column":60}},"6":{"start":{"line":7,"column":0},"end":{"line":7,"column":44}},"7":{"start":{"line":8,"column":0},"end":{"line":8,"column":0}},"8":{"start":{"line":9,"column":0},"end":{"line":9,"column":0}},"9":{"start":{"line":10,"column":0},"end":{"line":10,"column":17}},"10":{"start":{"line":11,"column":0},"end":{"line":11,"column":29}},"11":{"start":{"line":12,"column":0},"end":{"line":12,"column":1}},"12":{"start":{"line":13,"column":0},"end":{"line":13,"column":0}},"13":{"start":{"line":14,"column":0},"end":{"line":14,"column":48}},"14":{"start":{"line":15,"column":0},"end":{"line":15,"column":43}},"15":{"start":{"line":16,"column":0},"end":{"line":16,"column":0}},"16":{"start":{"line":17,"column":0},"end":{"line":17,"column":57}},"17":{"start":{"line":18,"column":0},"end":{"line":18,"column":0}},"18":{"start":{"line":19,"column":0},"end":{"line":19,"column":0}},"19":{"start":{"line":20,"column":0},"end":{"line":20,"column":0}},"20":{"start":{"line":21,"column":0},"end":{"line":21,"column":19}},"21":{"start":{"line":22,"column":0},"end":{"line":22,"column":27}},"22":{"start":{"line":23,"column":0},"end":{"line":23,"column":12}},"23":{"start":{"line":24,"column":0},"end":{"line":24,"column":21}},"24":{"start":{"line":25,"column":0},"end":{"line":25,"column":22}},"25":{"start":{"line":26,"column":0},"end":{"line":26,"column":24}},"26":{"start":{"line":27,"column":0},"end":{"line":27,"column":13}},"27":{"start":{"line":28,"column":0},"end":{"line":28,"column":9}},"28":{"start":{"line":29,"column":0},"end":{"line":29,"column":4}},"29":{"start":{"line":30,"column":0},"end":{"line":30,"column":19}},"30":{"start":{"line":31,"column":0},"end":{"line":31,"column":49}},"31":{"start":{"line":32,"column":0},"end":{"line":32,"column":20}},"32":{"start":{"line":33,"column":0},"end":{"line":33,"column":5}},"33":{"start":{"line":34,"column":0},"end":{"line":34,"column":0}},"34":{"start":{"line":35,"column":0},"end":{"line":35,"column":10}},"35":{"start":{"line":36,"column":0},"end":{"line":36,"column":4}},"36":{"start":{"line":37,"column":0},"end":{"line":37,"column":35}},"37":{"start":{"line":38,"column":0},"end":{"line":38,"column":82}},"38":{"start":{"line":39,"column":0},"end":{"line":39,"column":33}},"39":{"start":{"line":40,"column":0},"end":{"line":40,"column":37}},"40":{"start":{"line":41,"column":0},"end":{"line":41,"column":43}},"41":{"start":{"line":42,"column":0},"end":{"line":42,"column":22}},"42":{"start":{"line":43,"column":0},"end":{"line":43,"column":16}},"43":{"start":{"line":44,"column":0},"end":{"line":44,"column":45}},"44":{"start":{"line":45,"column":0},"end":{"line":45,"column":38}},"45":{"start":{"line":46,"column":0},"end":{"line":46,"column":16}},"46":{"start":{"line":47,"column":0},"end":{"line":47,"column":14}},"47":{"start":{"line":48,"column":0},"end":{"line":48,"column":11}},"48":{"start":{"line":49,"column":0},"end":{"line":49,"column":42}},"49":{"start":{"line":50,"column":0},"end":{"line":50,"column":9}},"50":{"start":{"line":51,"column":0},"end":{"line":51,"column":10}},"51":{"start":{"line":52,"column":0},"end":{"line":52,"column":3}},"52":{"start":{"line":53,"column":0},"end":{"line":53,"column":2}},"53":{"start":{"line":54,"column":0},"end":{"line":54,"column":0}},"54":{"start":{"line":55,"column":0},"end":{"line":55,"column":20}}},"s":{"0":1,"1":1,"2":1,"3":1,"4":1,"5":1,"6":1,"7":1,"8":1,"9":1,"10":1,"11":1,"12":1,"13":1,"14":21,"15":21,"16":21,"17":21,"18":21,"19":21,"20":21,"21":8,"22":8,"23":1,"24":1,"25":0,"26":1,"27":21,"28":21,"29":21,"30":21,"31":21,"32":21,"33":21,"34":21,"35":21,"36":21,"37":21,"38":20,"39":13,"40":13,"41":13,"42":13,"43":13,"44":13,"45":13,"46":13,"47":7,"48":7,"49":21,"50":21,"51":21,"52":21,"53":1,"54":1},"branchMap":{"0":{"type":"branch","line":14,"loc":{"start":{"line":14,"column":13},"end":{"line":53,"column":2}},"locations":[{"start":{"line":14,"column":13},"end":{"line":53,"column":2}}]},"1":{"type":"branch","line":38,"loc":{"start":{"line":38,"column":7},"end":{"line":38,"column":82}},"locations":[{"start":{"line":38,"column":7},"end":{"line":38,"column":82}}]},"2":{"type":"branch","line":38,"loc":{"start":{"line":38,"column":78},"end":{"line":49,"column":42}},"locations":[{"start":{"line":38,"column":78},"end":{"line":49,"column":42}}]},"3":{"type":"branch","line":39,"loc":{"start":{"line":39,"column":28},"end":{"line":47,"column":14}},"locations":[{"start":{"line":39,"column":28},"end":{"line":47,"column":14}}]},"4":{"type":"branch","line":47,"loc":{"start":{"line":47,"column":8},"end":{"line":49,"column":42}},"locations":[{"start":{"line":47,"column":8},"end":{"line":49,"column":42}}]},"5":{"type":"branch","line":21,"loc":{"start":{"line":21,"column":12},"end":{"line":28,"column":5}},"locations":[{"start":{"line":21,"column":12},"end":{"line":28,"column":5}}]},"6":{"type":"branch","line":23,"loc":{"start":{"line":23,"column":6},"end":{"line":23,"column":12}},"locations":[{"start":{"line":23,"column":6},"end":{"line":23,"column":12}}]},"7":{"type":"branch","line":23,"loc":{"start":{"line":23,"column":6},"end":{"line":27,"column":13}},"locations":[{"start":{"line":23,"column":6},"end":{"line":27,"column":13}}]}},"b":{"0":[21],"1":[1],"2":[20],"3":[13],"4":[7],"5":[8],"6":[7],"7":[1]},"fnMap":{"0":{"name":"Cart","decl":{"start":{"line":14,"column":13},"end":{"line":53,"column":2}},"loc":{"start":{"line":14,"column":13},"end":{"line":53,"column":2}},"line":14}},"f":{"0":21}}
,"C:\\Users\\2100m\\repos\\Front-End-Web-Technology\\src\\components\\Cart\\Basket\\Basket.tsx": {"path":"C:\\Users\\2100m\\repos\\Front-End-Web-Technology\\src\\components\\Cart\\Basket\\Basket.tsx","all":false,"statementMap":{"0":{"start":{"line":1,"column":0},"end":{"line":1,"column":50}},"1":{"start":{"line":2,"column":0},"end":{"line":2,"column":22}},"2":{"start":{"line":3,"column":0},"end":{"line":3,"column":63}},"3":{"start":{"line":4,"column":0},"end":{"line":4,"column":44}},"4":{"start":{"line":5,"column":0},"end":{"line":5,"column":0}},"5":{"start":{"line":6,"column":0},"end":{"line":6,"column":22}},"6":{"start":{"line":7,"column":0},"end":{"line":7,"column":42}},"7":{"start":{"line":8,"column":0},"end":{"line":8,"column":0}},"8":{"start":{"line":9,"column":0},"end":{"line":9,"column":10}},"9":{"start":{"line":10,"column":0},"end":{"line":10,"column":35}},"10":{"start":{"line":11,"column":0},"end":{"line":11,"column":13}},"11":{"start":{"line":12,"column":0},"end":{"line":12,"column":12}},"12":{"start":{"line":13,"column":0},"end":{"line":13,"column":26}},"13":{"start":{"line":14,"column":0},"end":{"line":14,"column":22}},"14":{"start":{"line":15,"column":0},"end":{"line":15,"column":24}},"15":{"start":{"line":16,"column":0},"end":{"line":16,"column":25}},"16":{"start":{"line":17,"column":0},"end":{"line":17,"column":13}},"17":{"start":{"line":18,"column":0},"end":{"line":18,"column":14}},"18":{"start":{"line":19,"column":0},"end":{"line":19,"column":13}},"19":{"start":{"line":20,"column":0},"end":{"line":20,"column":41}},"20":{"start":{"line":21,"column":0},"end":{"line":21,"column":21}},"21":{"start":{"line":22,"column":0},"end":{"line":22,"column":33}},"22":{"start":{"line":23,"column":0},"end":{"line":23,"column":23}},"23":{"start":{"line":24,"column":0},"end":{"line":24,"column":14}},"24":{"start":{"line":25,"column":0},"end":{"line":25,"column":11}},"25":{"start":{"line":26,"column":0},"end":{"line":26,"column":14}},"26":{"start":{"line":27,"column":0},"end":{"line":27,"column":12}},"27":{"start":{"line":28,"column":0},"end":{"line":28,"column":4}},"28":{"start":{"line":29,"column":0},"end":{"line":29,"column":2}},"29":{"start":{"line":30,"column":0},"end":{"line":30,"column":0}},"30":{"start":{"line":31,"column":0},"end":{"line":31,"column":22}}},"s":{"0":1,"1":1,"2":1,"3":1,"4":1,"5":1,"6":13,"7":13,"8":13,"9":13,"10":13,"11":13,"12":13,"13":13,"14":13,"15":13,"16":13,"17":13,"18":13,"19":13,"20":30,"21":30,"22":30,"23":30,"24":13,"25":13,"26":13,"27":13,"28":13,"29":1,"30":1},"branchMap":{"0":{"type":"branch","line":6,"loc":{"start":{"line":6,"column":15},"end":{"line":29,"column":2}},"locations":[{"start":{"line":6,"column":15},"end":{"line":29,"column":2}}]},"1":{"type":"branch","line":20,"loc":{"start":{"line":20,"column":25},"end":{"line":24,"column":14}},"locations":[{"start":{"line":20,"column":25},"end":{"line":24,"column":14}}]}},"b":{"0":[13],"1":[30]},"fnMap":{"0":{"name":"Basket","decl":{"start":{"line":6,"column":15},"end":{"line":29,"column":2}},"loc":{"start":{"line":6,"column":15},"end":{"line":29,"column":2}},"line":6}},"f":{"0":13}}
,"C:\\Users\\2100m\\repos\\Front-End-Web-Technology\\src\\components\\Cart\\BasketItem\\BasketItem.tsx": {"path":"C:\\Users\\2100m\\repos\\Front-End-Web-Technology\\src\\components\\Cart\\BasketItem\\BasketItem.tsx","all":false,"statementMap":{"0":{"start":{"line":1,"column":0},"end":{"line":1,"column":47}},"1":{"start":{"line":2,"column":0},"end":{"line":2,"column":44}},"2":{"start":{"line":3,"column":0},"end":{"line":3,"column":74}},"3":{"start":{"line":4,"column":0},"end":{"line":4,"column":62}},"4":{"start":{"line":5,"column":0},"end":{"line":5,"column":73}},"5":{"start":{"line":6,"column":0},"end":{"line":6,"column":57}},"6":{"start":{"line":7,"column":0},"end":{"line":7,"column":26}},"7":{"start":{"line":8,"column":0},"end":{"line":8,"column":0}},"8":{"start":{"line":9,"column":0},"end":{"line":9,"column":63}},"9":{"start":{"line":10,"column":0},"end":{"line":10,"column":0}},"10":{"start":{"line":11,"column":0},"end":{"line":11,"column":50}},"11":{"start":{"line":12,"column":0},"end":{"line":12,"column":81}},"12":{"start":{"line":13,"column":0},"end":{"line":13,"column":0}},"13":{"start":{"line":14,"column":0},"end":{"line":14,"column":101}},"14":{"start":{"line":15,"column":0},"end":{"line":15,"column":33}},"15":{"start":{"line":16,"column":0},"end":{"line":16,"column":0}},"16":{"start":{"line":17,"column":0},"end":{"line":17,"column":29}},"17":{"start":{"line":18,"column":0},"end":{"line":18,"column":30}},"18":{"start":{"line":19,"column":0},"end":{"line":19,"column":0}},"19":{"start":{"line":20,"column":0},"end":{"line":20,"column":29}},"20":{"start":{"line":21,"column":0},"end":{"line":21,"column":36}},"21":{"start":{"line":22,"column":0},"end":{"line":22,"column":73}},"22":{"start":{"line":23,"column":0},"end":{"line":23,"column":0}},"23":{"start":{"line":24,"column":0},"end":{"line":24,"column":63}},"24":{"start":{"line":25,"column":0},"end":{"line":25,"column":0}},"25":{"start":{"line":26,"column":0},"end":{"line":26,"column":25}},"26":{"start":{"line":27,"column":0},"end":{"line":27,"column":51}},"27":{"start":{"line":28,"column":0},"end":{"line":28,"column":27}},"28":{"start":{"line":29,"column":0},"end":{"line":29,"column":32}},"29":{"start":{"line":30,"column":0},"end":{"line":30,"column":40}},"30":{"start":{"line":31,"column":0},"end":{"line":31,"column":9}},"31":{"start":{"line":32,"column":0},"end":{"line":32,"column":35}},"32":{"start":{"line":33,"column":0},"end":{"line":33,"column":0}},"33":{"start":{"line":34,"column":0},"end":{"line":34,"column":70}},"34":{"start":{"line":35,"column":0},"end":{"line":35,"column":4}},"35":{"start":{"line":36,"column":0},"end":{"line":36,"column":0}},"36":{"start":{"line":37,"column":0},"end":{"line":37,"column":29}},"37":{"start":{"line":38,"column":0},"end":{"line":38,"column":12}},"38":{"start":{"line":39,"column":0},"end":{"line":39,"column":102}},"39":{"start":{"line":40,"column":0},"end":{"line":40,"column":24}},"40":{"start":{"line":41,"column":0},"end":{"line":41,"column":15}},"41":{"start":{"line":42,"column":0},"end":{"line":42,"column":6}},"42":{"start":{"line":43,"column":0},"end":{"line":43,"column":4}},"43":{"start":{"line":44,"column":0},"end":{"line":44,"column":0}},"44":{"start":{"line":45,"column":0},"end":{"line":45,"column":85}},"45":{"start":{"line":46,"column":0},"end":{"line":46,"column":0}},"46":{"start":{"line":47,"column":0},"end":{"line":47,"column":76}},"47":{"start":{"line":48,"column":0},"end":{"line":48,"column":0}},"48":{"start":{"line":49,"column":0},"end":{"line":49,"column":10}},"49":{"start":{"line":50,"column":0},"end":{"line":50,"column":65}},"50":{"start":{"line":51,"column":0},"end":{"line":51,"column":39}},"51":{"start":{"line":52,"column":0},"end":{"line":52,"column":40}},"52":{"start":{"line":53,"column":0},"end":{"line":53,"column":63}},"53":{"start":{"line":54,"column":0},"end":{"line":54,"column":14}},"54":{"start":{"line":55,"column":0},"end":{"line":55,"column":49}},"55":{"start":{"line":56,"column":0},"end":{"line":56,"column":56}},"56":{"start":{"line":57,"column":0},"end":{"line":57,"column":44}},"57":{"start":{"line":58,"column":0},"end":{"line":58,"column":34}},"58":{"start":{"line":59,"column":0},"end":{"line":59,"column":34}},"59":{"start":{"line":60,"column":0},"end":{"line":60,"column":48}},"60":{"start":{"line":61,"column":0},"end":{"line":61,"column":49}},"61":{"start":{"line":62,"column":0},"end":{"line":62,"column":35}},"62":{"start":{"line":63,"column":0},"end":{"line":63,"column":29}},"63":{"start":{"line":64,"column":0},"end":{"line":64,"column":16}},"64":{"start":{"line":65,"column":0},"end":{"line":65,"column":14}},"65":{"start":{"line":66,"column":0},"end":{"line":66,"column":104}},"66":{"start":{"line":67,"column":0},"end":{"line":67,"column":16}},"67":{"start":{"line":68,"column":0},"end":{"line":68,"column":14}},"68":{"start":{"line":69,"column":0},"end":{"line":69,"column":11}},"69":{"start":{"line":70,"column":0},"end":{"line":70,"column":40}},"70":{"start":{"line":71,"column":0},"end":{"line":71,"column":61}},"71":{"start":{"line":72,"column":0},"end":{"line":72,"column":11}},"72":{"start":{"line":73,"column":0},"end":{"line":73,"column":66}},"73":{"start":{"line":74,"column":0},"end":{"line":74,"column":40}},"74":{"start":{"line":75,"column":0},"end":{"line":75,"column":104}},"75":{"start":{"line":76,"column":0},"end":{"line":76,"column":11}},"76":{"start":{"line":77,"column":0},"end":{"line":77,"column":62}},"77":{"start":{"line":78,"column":0},"end":{"line":78,"column":9}},"78":{"start":{"line":79,"column":0},"end":{"line":79,"column":4}},"79":{"start":{"line":80,"column":0},"end":{"line":80,"column":2}},"80":{"start":{"line":81,"column":0},"end":{"line":81,"column":0}},"81":{"start":{"line":82,"column":0},"end":{"line":82,"column":26}}},"s":{"0":1,"1":1,"2":1,"3":1,"4":1,"5":1,"6":1,"7":1,"8":1,"9":1,"10":1,"11":30,"12":30,"13":30,"14":30,"15":30,"16":30,"17":30,"18":30,"19":30,"20":30,"21":30,"22":30,"23":30,"24":30,"25":30,"26":0,"27":0,"28":0,"29":0,"30":0,"31":30,"32":30,"33":30,"34":30,"35":30,"36":30,"37":30,"38":30,"39":30,"40":30,"41":30,"42":30,"43":30,"44":30,"45":30,"46":30,"47":30,"48":30,"49":30,"50":30,"51":30,"52":30,"53":30,"54":30,"55":30,"56":30,"57":30,"58":30,"59":30,"60":30,"61":30,"62":30,"63":30,"64":30,"65":30,"66":30,"67":30,"68":30,"69":30,"70":30,"71":30,"72":30,"73":30,"74":30,"75":30,"76":30,"77":30,"78":30,"79":30,"80":1,"81":1},"branchMap":{"0":{"type":"branch","line":11,"loc":{"start":{"line":11,"column":19},"end":{"line":80,"column":2}},"locations":[{"start":{"line":11,"column":19},"end":{"line":80,"column":2}}]},"1":{"type":"branch","line":47,"loc":{"start":{"line":47,"column":21},"end":{"line":47,"column":76}},"locations":[{"start":{"line":47,"column":21},"end":{"line":47,"column":76}}]},"2":{"type":"branch","line":66,"loc":{"start":{"line":66,"column":13},"end":{"line":66,"column":104}},"locations":[{"start":{"line":66,"column":13},"end":{"line":66,"column":104}}]},"3":{"type":"branch","line":75,"loc":{"start":{"line":75,"column":10},"end":{"line":75,"column":57}},"locations":[{"start":{"line":75,"column":10},"end":{"line":75,"column":57}}]},"4":{"type":"branch","line":75,"loc":{"start":{"line":75,"column":51},"end":{"line":75,"column":104}},"locations":[{"start":{"line":75,"column":51},"end":{"line":75,"column":104}}]},"5":{"type":"branch","line":20,"loc":{"start":{"line":20,"column":22},"end":{"line":35,"column":4}},"locations":[{"start":{"line":20,"column":22},"end":{"line":35,"column":4}}]},"6":{"type":"branch","line":22,"loc":{"start":{"line":22,"column":57},"end":{"line":22,"column":73}},"locations":[{"start":{"line":22,"column":57},"end":{"line":22,"column":73}}]},"7":{"type":"branch","line":24,"loc":{"start":{"line":24,"column":33},"end":{"line":24,"column":57}},"locations":[{"start":{"line":24,"column":33},"end":{"line":24,"column":57}}]},"8":{"type":"branch","line":26,"loc":{"start":{"line":26,"column":24},"end":{"line":32,"column":11}},"locations":[{"start":{"line":26,"column":24},"end":{"line":32,"column":11}}]},"9":{"type":"branch","line":34,"loc":{"start":{"line":34,"column":11},"end":{"line":34,"column":61}},"locations":[{"start":{"line":34,"column":11},"end":{"line":34,"column":61}}]},"10":{"type":"branch","line":37,"loc":{"start":{"line":37,"column":22},"end":{"line":43,"column":4}},"locations":[{"start":{"line":37,"column":22},"end":{"line":43,"column":4}}]},"11":{"type":"branch","line":39,"loc":{"start":{"line":39,"column":76},"end":{"line":39,"column":102}},"locations":[{"start":{"line":39,"column":76},"end":{"line":39,"column":102}}]}},"b":{"0":[30],"1":[9],"2":[5],"3":[0],"4":[0],"5":[30],"6":[0],"7":[0],"8":[0],"9":[0],"10":[30],"11":[2]},"fnMap":{"0":{"name":"BasketItem","decl":{"start":{"line":11,"column":19},"end":{"line":80,"column":2}},"loc":{"start":{"line":11,"column":19},"end":{"line":80,"column":2}},"line":11},"1":{"name":"getSubtotal","decl":{"start":{"line":20,"column":22},"end":{"line":35,"column":4}},"loc":{"start":{"line":20,"column":22},"end":{"line":35,"column":4}},"line":20},"2":{"name":"CloseButton","decl":{"start":{"line":37,"column":22},"end":{"line":43,"column":4}},"loc":{"start":{"line":37,"column":22},"end":{"line":43,"column":4}},"line":37},"3":{"name":"onClick","decl":{"start":{"line":39,"column":76},"end":{"line":39,"column":102}},"loc":{"start":{"line":39,"column":76},"end":{"line":39,"column":102}},"line":39}},"f":{"0":30,"1":30,"2":30,"3":2}}
,"C:\\Users\\2100m\\repos\\Front-End-Web-Technology\\src\\components\\Cart\\Checkout\\Checkout.tsx": {"path":"C:\\Users\\2100m\\repos\\Front-End-Web-Technology\\src\\components\\Cart\\Checkout\\Checkout.tsx","all":false,"statementMap":{"0":{"start":{"line":1,"column":0},"end":{"line":1,"column":24}},"1":{"start":{"line":2,"column":0},"end":{"line":2,"column":64}},"2":{"start":{"line":3,"column":0},"end":{"line":3,"column":52}},"3":{"start":{"line":4,"column":0},"end":{"line":4,"column":63}},"4":{"start":{"line":5,"column":0},"end":{"line":5,"column":51}},"5":{"start":{"line":6,"column":0},"end":{"line":6,"column":0}},"6":{"start":{"line":7,"column":0},"end":{"line":7,"column":21}},"7":{"start":{"line":8,"column":0},"end":{"line":8,"column":19}},"8":{"start":{"line":9,"column":0},"end":{"line":9,"column":1}},"9":{"start":{"line":10,"column":0},"end":{"line":10,"column":0}},"10":{"start":{"line":11,"column":0},"end":{"line":11,"column":45}},"11":{"start":{"line":12,"column":0},"end":{"line":12,"column":46}},"12":{"start":{"line":13,"column":0},"end":{"line":13,"column":0}},"13":{"start":{"line":14,"column":0},"end":{"line":14,"column":141}},"14":{"start":{"line":15,"column":0},"end":{"line":15,"column":39}},"15":{"start":{"line":16,"column":0},"end":{"line":16,"column":30}},"16":{"start":{"line":17,"column":0},"end":{"line":17,"column":40}},"17":{"start":{"line":18,"column":0},"end":{"line":18,"column":30}},"18":{"start":{"line":19,"column":0},"end":{"line":19,"column":48}},"19":{"start":{"line":20,"column":0},"end":{"line":20,"column":57}},"20":{"start":{"line":21,"column":0},"end":{"line":21,"column":4}},"21":{"start":{"line":22,"column":0},"end":{"line":22,"column":0}},"22":{"start":{"line":23,"column":0},"end":{"line":23,"column":32}},"23":{"start":{"line":24,"column":0},"end":{"line":24,"column":59}},"24":{"start":{"line":25,"column":0},"end":{"line":25,"column":34}},"25":{"start":{"line":26,"column":0},"end":{"line":26,"column":4}},"26":{"start":{"line":27,"column":0},"end":{"line":27,"column":0}},"27":{"start":{"line":28,"column":0},"end":{"line":28,"column":10}},"28":{"start":{"line":29,"column":0},"end":{"line":29,"column":38}},"29":{"start":{"line":30,"column":0},"end":{"line":30,"column":35}},"30":{"start":{"line":31,"column":0},"end":{"line":31,"column":22}},"31":{"start":{"line":32,"column":0},"end":{"line":32,"column":79}},"32":{"start":{"line":33,"column":0},"end":{"line":33,"column":12}},"33":{"start":{"line":34,"column":0},"end":{"line":34,"column":38}},"34":{"start":{"line":35,"column":0},"end":{"line":35,"column":43}},"35":{"start":{"line":36,"column":0},"end":{"line":36,"column":31}},"36":{"start":{"line":37,"column":0},"end":{"line":37,"column":98}},"37":{"start":{"line":38,"column":0},"end":{"line":38,"column":14}},"38":{"start":{"line":39,"column":0},"end":{"line":39,"column":7}},"39":{"start":{"line":40,"column":0},"end":{"line":40,"column":7}},"40":{"start":{"line":41,"column":0},"end":{"line":41,"column":34}},"41":{"start":{"line":42,"column":0},"end":{"line":42,"column":37}},"42":{"start":{"line":43,"column":0},"end":{"line":43,"column":45}},"43":{"start":{"line":44,"column":0},"end":{"line":44,"column":90}},"44":{"start":{"line":45,"column":0},"end":{"line":45,"column":14}},"45":{"start":{"line":46,"column":0},"end":{"line":46,"column":8}},"46":{"start":{"line":47,"column":0},"end":{"line":47,"column":34}},"47":{"start":{"line":48,"column":0},"end":{"line":48,"column":37}},"48":{"start":{"line":49,"column":0},"end":{"line":49,"column":47}},"49":{"start":{"line":50,"column":0},"end":{"line":50,"column":89}},"50":{"start":{"line":51,"column":0},"end":{"line":51,"column":14}},"51":{"start":{"line":52,"column":0},"end":{"line":52,"column":8}},"52":{"start":{"line":53,"column":0},"end":{"line":53,"column":35}},"53":{"start":{"line":54,"column":0},"end":{"line":54,"column":20}},"54":{"start":{"line":55,"column":0},"end":{"line":55,"column":39}},"55":{"start":{"line":56,"column":0},"end":{"line":56,"column":126}},"56":{"start":{"line":57,"column":0},"end":{"line":57,"column":11}},"57":{"start":{"line":58,"column":0},"end":{"line":58,"column":114}},"58":{"start":{"line":59,"column":0},"end":{"line":59,"column":9}},"59":{"start":{"line":60,"column":0},"end":{"line":60,"column":12}},"60":{"start":{"line":61,"column":0},"end":{"line":61,"column":0}},"61":{"start":{"line":62,"column":0},"end":{"line":62,"column":11}},"62":{"start":{"line":63,"column":0},"end":{"line":63,"column":67}},"63":{"start":{"line":64,"column":0},"end":{"line":64,"column":0}},"64":{"start":{"line":65,"column":0},"end":{"line":65,"column":76}},"65":{"start":{"line":66,"column":0},"end":{"line":66,"column":48}},"66":{"start":{"line":67,"column":0},"end":{"line":67,"column":65}},"67":{"start":{"line":68,"column":0},"end":{"line":68,"column":64}},"68":{"start":{"line":69,"column":0},"end":{"line":69,"column":16}},"69":{"start":{"line":70,"column":0},"end":{"line":70,"column":17}},"70":{"start":{"line":71,"column":0},"end":{"line":71,"column":0}},"71":{"start":{"line":72,"column":0},"end":{"line":72,"column":12}},"72":{"start":{"line":73,"column":0},"end":{"line":73,"column":10}},"73":{"start":{"line":74,"column":0},"end":{"line":74,"column":4}},"74":{"start":{"line":75,"column":0},"end":{"line":75,"column":2}},"75":{"start":{"line":76,"column":0},"end":{"line":76,"column":0}},"76":{"start":{"line":77,"column":0},"end":{"line":77,"column":24}}},"s":{"0":1,"1":1,"2":1,"3":1,"4":1,"5":1,"6":1,"7":1,"8":1,"9":1,"10":1,"11":13,"12":13,"13":13,"14":13,"15":13,"16":13,"17":13,"18":0,"19":13,"20":13,"21":13,"22":13,"23":0,"24":0,"25":0,"26":13,"27":13,"28":13,"29":13,"30":13,"31":13,"32":13,"33":13,"34":0,"35":0,"36":0,"37":0,"38":13,"39":13,"40":13,"41":0,"42":0,"43":0,"44":0,"45":13,"46":13,"47":0,"48":0,"49":0,"50":0,"51":13,"52":13,"53":13,"54":13,"55":0,"56":13,"57":13,"58":13,"59":13,"60":13,"61":13,"62":13,"63":13,"64":13,"65":13,"66":13,"67":13,"68":13,"69":13,"70":13,"71":13,"72":13,"73":13,"74":13,"75":1,"76":1},"branchMap":{"0":{"type":"branch","line":11,"loc":{"start":{"line":11,"column":17},"end":{"line":75,"column":2}},"locations":[{"start":{"line":11,"column":17},"end":{"line":75,"column":2}}]},"1":{"type":"branch","line":34,"loc":{"start":{"line":34,"column":32},"end":{"line":38,"column":14}},"locations":[{"start":{"line":34,"column":32},"end":{"line":38,"column":14}}]},"2":{"type":"branch","line":41,"loc":{"start":{"line":41,"column":28},"end":{"line":45,"column":14}},"locations":[{"start":{"line":41,"column":28},"end":{"line":45,"column":14}}]},"3":{"type":"branch","line":47,"loc":{"start":{"line":47,"column":28},"end":{"line":51,"column":14}},"locations":[{"start":{"line":47,"column":28},"end":{"line":51,"column":14}}]},"4":{"type":"branch","line":55,"loc":{"start":{"line":55,"column":34},"end":{"line":56,"column":126}},"locations":[{"start":{"line":55,"column":34},"end":{"line":56,"column":126}}]},"5":{"type":"branch","line":16,"loc":{"start":{"line":16,"column":23},"end":{"line":21,"column":4}},"locations":[{"start":{"line":16,"column":23},"end":{"line":21,"column":4}}]},"6":{"type":"branch","line":17,"loc":{"start":{"line":17,"column":33},"end":{"line":17,"column":40}},"locations":[{"start":{"line":17,"column":33},"end":{"line":17,"column":40}}]},"7":{"type":"branch","line":18,"loc":{"start":{"line":18,"column":11},"end":{"line":19,"column":48}},"locations":[{"start":{"line":18,"column":11},"end":{"line":19,"column":48}}]}},"b":{"0":[13],"1":[0],"2":[0],"3":[0],"4":[0],"5":[13],"6":[0],"7":[0]},"fnMap":{"0":{"name":"Checkout","decl":{"start":{"line":11,"column":17},"end":{"line":75,"column":2}},"loc":{"start":{"line":11,"column":17},"end":{"line":75,"column":2}},"line":11},"1":{"name":"promtSavings","decl":{"start":{"line":16,"column":23},"end":{"line":21,"column":4}},"loc":{"start":{"line":16,"column":23},"end":{"line":21,"column":4}},"line":16},"2":{"name":"handleCheckout","decl":{"start":{"line":23,"column":25},"end":{"line":26,"column":4}},"loc":{"start":{"line":23,"column":25},"end":{"line":26,"column":4}},"line":23},"3":{"name":"onClick","decl":{"start":{"line":65,"column":52},"end":{"line":65,"column":76}},"loc":{"start":{"line":65,"column":52},"end":{"line":65,"column":76}},"line":65}},"f":{"0":13,"1":13,"2":0,"3":0}}
,"C:\\Users\\2100m\\repos\\Front-End-Web-Technology\\src\\components\\Cart\\Checkout\\CheckoutResponsive.tsx": {"path":"C:\\Users\\2100m\\repos\\Front-End-Web-Technology\\src\\components\\Cart\\Checkout\\CheckoutResponsive.tsx","all":false,"statementMap":{"0":{"start":{"line":1,"column":0},"end":{"line":1,"column":24}},"1":{"start":{"line":2,"column":0},"end":{"line":2,"column":58}},"2":{"start":{"line":3,"column":0},"end":{"line":3,"column":64}},"3":{"start":{"line":4,"column":0},"end":{"line":4,"column":52}},"4":{"start":{"line":5,"column":0},"end":{"line":5,"column":63}},"5":{"start":{"line":6,"column":0},"end":{"line":6,"column":34}},"6":{"start":{"line":7,"column":0},"end":{"line":7,"column":51}},"7":{"start":{"line":8,"column":0},"end":{"line":8,"column":0}},"8":{"start":{"line":9,"column":0},"end":{"line":9,"column":21}},"9":{"start":{"line":10,"column":0},"end":{"line":10,"column":21}},"10":{"start":{"line":11,"column":0},"end":{"line":11,"column":1}},"11":{"start":{"line":12,"column":0},"end":{"line":12,"column":0}},"12":{"start":{"line":13,"column":0},"end":{"line":13,"column":57}},"13":{"start":{"line":14,"column":0},"end":{"line":14,"column":48}},"14":{"start":{"line":15,"column":0},"end":{"line":15,"column":0}},"15":{"start":{"line":16,"column":0},"end":{"line":16,"column":143}},"16":{"start":{"line":17,"column":0},"end":{"line":17,"column":0}},"17":{"start":{"line":18,"column":0},"end":{"line":18,"column":32}},"18":{"start":{"line":19,"column":0},"end":{"line":19,"column":44}},"19":{"start":{"line":20,"column":0},"end":{"line":20,"column":34}},"20":{"start":{"line":21,"column":0},"end":{"line":21,"column":54}},"21":{"start":{"line":22,"column":0},"end":{"line":22,"column":63}},"22":{"start":{"line":23,"column":0},"end":{"line":23,"column":6}},"23":{"start":{"line":24,"column":0},"end":{"line":24,"column":0}},"24":{"start":{"line":25,"column":0},"end":{"line":25,"column":34}},"25":{"start":{"line":26,"column":0},"end":{"line":26,"column":63}},"26":{"start":{"line":27,"column":0},"end":{"line":27,"column":38}},"27":{"start":{"line":28,"column":0},"end":{"line":28,"column":6}},"28":{"start":{"line":29,"column":0},"end":{"line":29,"column":0}},"29":{"start":{"line":30,"column":0},"end":{"line":30,"column":0}},"30":{"start":{"line":31,"column":0},"end":{"line":31,"column":12}},"31":{"start":{"line":32,"column":0},"end":{"line":32,"column":39}},"32":{"start":{"line":33,"column":0},"end":{"line":33,"column":47}},"33":{"start":{"line":34,"column":0},"end":{"line":34,"column":68}},"34":{"start":{"line":35,"column":0},"end":{"line":35,"column":22}},"35":{"start":{"line":36,"column":0},"end":{"line":36,"column":29}},"36":{"start":{"line":37,"column":0},"end":{"line":37,"column":76}},"37":{"start":{"line":38,"column":0},"end":{"line":38,"column":39}},"38":{"start":{"line":39,"column":0},"end":{"line":39,"column":38}},"39":{"start":{"line":40,"column":0},"end":{"line":40,"column":30}},"40":{"start":{"line":41,"column":0},"end":{"line":41,"column":25}},"41":{"start":{"line":42,"column":0},"end":{"line":42,"column":26}},"42":{"start":{"line":43,"column":0},"end":{"line":43,"column":36}},"43":{"start":{"line":44,"column":0},"end":{"line":44,"column":43}},"44":{"start":{"line":45,"column":0},"end":{"line":45,"column":66}},"45":{"start":{"line":46,"column":0},"end":{"line":46,"column":35}},"46":{"start":{"line":47,"column":0},"end":{"line":47,"column":33}},"47":{"start":{"line":48,"column":0},"end":{"line":48,"column":63}},"48":{"start":{"line":49,"column":0},"end":{"line":49,"column":49}},"49":{"start":{"line":50,"column":0},"end":{"line":50,"column":62}},"50":{"start":{"line":51,"column":0},"end":{"line":51,"column":61}},"51":{"start":{"line":52,"column":0},"end":{"line":52,"column":50}},"52":{"start":{"line":53,"column":0},"end":{"line":53,"column":82}},"53":{"start":{"line":54,"column":0},"end":{"line":54,"column":38}},"54":{"start":{"line":55,"column":0},"end":{"line":55,"column":64}},"55":{"start":{"line":56,"column":0},"end":{"line":56,"column":71}},"56":{"start":{"line":57,"column":0},"end":{"line":57,"column":61}},"57":{"start":{"line":58,"column":0},"end":{"line":58,"column":128}},"58":{"start":{"line":59,"column":0},"end":{"line":59,"column":42}},"59":{"start":{"line":60,"column":0},"end":{"line":60,"column":33}},"60":{"start":{"line":61,"column":0},"end":{"line":61,"column":33}},"61":{"start":{"line":62,"column":0},"end":{"line":62,"column":60}},"62":{"start":{"line":63,"column":0},"end":{"line":63,"column":65}},"63":{"start":{"line":64,"column":0},"end":{"line":64,"column":75}},"64":{"start":{"line":65,"column":0},"end":{"line":65,"column":120}},"65":{"start":{"line":66,"column":0},"end":{"line":66,"column":42}},"66":{"start":{"line":67,"column":0},"end":{"line":67,"column":34}},"67":{"start":{"line":68,"column":0},"end":{"line":68,"column":60}},"68":{"start":{"line":69,"column":0},"end":{"line":69,"column":65}},"69":{"start":{"line":70,"column":0},"end":{"line":70,"column":77}},"70":{"start":{"line":71,"column":0},"end":{"line":71,"column":119}},"71":{"start":{"line":72,"column":0},"end":{"line":72,"column":42}},"72":{"start":{"line":73,"column":0},"end":{"line":73,"column":34}},"73":{"start":{"line":74,"column":0},"end":{"line":74,"column":61}},"74":{"start":{"line":75,"column":0},"end":{"line":75,"column":48}},"75":{"start":{"line":76,"column":0},"end":{"line":76,"column":67}},"76":{"start":{"line":77,"column":0},"end":{"line":77,"column":156}},"77":{"start":{"line":78,"column":0},"end":{"line":78,"column":39}},"78":{"start":{"line":79,"column":0},"end":{"line":79,"column":144}},"79":{"start":{"line":80,"column":0},"end":{"line":80,"column":37}},"80":{"start":{"line":81,"column":0},"end":{"line":81,"column":38}},"81":{"start":{"line":82,"column":0},"end":{"line":82,"column":37}},"82":{"start":{"line":83,"column":0},"end":{"line":83,"column":95}},"83":{"start":{"line":84,"column":0},"end":{"line":84,"column":0}},"84":{"start":{"line":85,"column":0},"end":{"line":85,"column":104}},"85":{"start":{"line":86,"column":0},"end":{"line":86,"column":78}},"86":{"start":{"line":87,"column":0},"end":{"line":87,"column":97}},"87":{"start":{"line":88,"column":0},"end":{"line":88,"column":96}},"88":{"start":{"line":89,"column":0},"end":{"line":89,"column":46}},"89":{"start":{"line":90,"column":0},"end":{"line":90,"column":45}},"90":{"start":{"line":91,"column":0},"end":{"line":91,"column":0}},"91":{"start":{"line":92,"column":0},"end":{"line":92,"column":38}},"92":{"start":{"line":93,"column":0},"end":{"line":93,"column":34}},"93":{"start":{"line":94,"column":0},"end":{"line":94,"column":30}},"94":{"start":{"line":95,"column":0},"end":{"line":95,"column":26}},"95":{"start":{"line":96,"column":0},"end":{"line":96,"column":24}},"96":{"start":{"line":97,"column":0},"end":{"line":97,"column":18}},"97":{"start":{"line":98,"column":0},"end":{"line":98,"column":14}},"98":{"start":{"line":99,"column":0},"end":{"line":99,"column":6}},"99":{"start":{"line":100,"column":0},"end":{"line":100,"column":2}},"100":{"start":{"line":101,"column":0},"end":{"line":101,"column":0}},"101":{"start":{"line":102,"column":0},"end":{"line":102,"column":34}}},"s":{"0":1,"1":1,"2":1,"3":1,"4":1,"5":1,"6":1,"7":1,"8":1,"9":1,"10":1,"11":1,"12":1,"13":1,"14":1,"15":1,"16":1,"17":1,"18":1,"19":1,"20":0,"21":1,"22":1,"23":1,"24":1,"25":0,"26":0,"27":0,"28":1,"29":1,"30":1,"31":1,"32":1,"33":1,"34":1,"35":1,"36":1,"37":1,"38":1,"39":1,"40":1,"41":1,"42":1,"43":1,"44":1,"45":1,"46":1,"47":1,"48":1,"49":1,"50":1,"51":1,"52":1,"53":1,"54":1,"55":0,"56":0,"57":0,"58":0,"59":1,"60":1,"61":1,"62":0,"63":0,"64":0,"65":0,"66":1,"67":1,"68":0,"69":0,"70":0,"71":0,"72":1,"73":1,"74":1,"75":1,"76":0,"77":1,"78":1,"79":1,"80":1,"81":1,"82":1,"83":1,"84":1,"85":1,"86":1,"87":1,"88":1,"89":1,"90":1,"91":1,"92":1,"93":1,"94":1,"95":1,"96":1,"97":1,"98":1,"99":1,"100":1,"101":1},"branchMap":{"0":{"type":"branch","line":13,"loc":{"start":{"line":13,"column":27},"end":{"line":100,"column":2}},"locations":[{"start":{"line":13,"column":27},"end":{"line":100,"column":2}}]},"1":{"type":"branch","line":55,"loc":{"start":{"line":55,"column":58},"end":{"line":59,"column":42}},"locations":[{"start":{"line":55,"column":58},"end":{"line":59,"column":42}}]},"2":{"type":"branch","line":62,"loc":{"start":{"line":62,"column":54},"end":{"line":66,"column":42}},"locations":[{"start":{"line":62,"column":54},"end":{"line":66,"column":42}}]},"3":{"type":"branch","line":68,"loc":{"start":{"line":68,"column":54},"end":{"line":72,"column":42}},"locations":[{"start":{"line":68,"column":54},"end":{"line":72,"column":42}}]},"4":{"type":"branch","line":76,"loc":{"start":{"line":76,"column":62},"end":{"line":77,"column":156}},"locations":[{"start":{"line":76,"column":62},"end":{"line":77,"column":156}}]},"5":{"type":"branch","line":18,"loc":{"start":{"line":18,"column":25},"end":{"line":23,"column":6}},"locations":[{"start":{"line":18,"column":25},"end":{"line":23,"column":6}}]},"6":{"type":"branch","line":19,"loc":{"start":{"line":19,"column":37},"end":{"line":19,"column":44}},"locations":[{"start":{"line":19,"column":37},"end":{"line":19,"column":44}}]},"7":{"type":"branch","line":20,"loc":{"start":{"line":20,"column":15},"end":{"line":21,"column":54}},"locations":[{"start":{"line":20,"column":15},"end":{"line":21,"column":54}}]}},"b":{"0":[1],"1":[0],"2":[0],"3":[0],"4":[0],"5":[1],"6":[0],"7":[0]},"fnMap":{"0":{"name":"CheckoutResponsive","decl":{"start":{"line":13,"column":27},"end":{"line":100,"column":2}},"loc":{"start":{"line":13,"column":27},"end":{"line":100,"column":2}},"line":13},"1":{"name":"promtSavings","decl":{"start":{"line":18,"column":25},"end":{"line":23,"column":6}},"loc":{"start":{"line":18,"column":25},"end":{"line":23,"column":6}},"line":18},"2":{"name":"handleCheckout","decl":{"start":{"line":25,"column":27},"end":{"line":28,"column":6}},"loc":{"start":{"line":25,"column":27},"end":{"line":28,"column":6}},"line":25},"3":{"name":"onClick","decl":{"start":{"line":85,"column":80},"end":{"line":85,"column":104}},"loc":{"start":{"line":85,"column":80},"end":{"line":85,"column":104}},"line":85}},"f":{"0":1,"1":1,"2":0,"3":0}}
,"C:\\Users\\2100m\\repos\\Front-End-Web-Technology\\src\\components\\Cart\\QuantityPicker\\QuantityPicker.tsx": {"path":"C:\\Users\\2100m\\repos\\Front-End-Web-Technology\\src\\components\\Cart\\QuantityPicker\\QuantityPicker.tsx","all":false,"statementMap":{"0":{"start":{"line":1,"column":0},"end":{"line":1,"column":60}},"1":{"start":{"line":2,"column":0},"end":{"line":2,"column":42}},"2":{"start":{"line":3,"column":0},"end":{"line":3,"column":59}},"3":{"start":{"line":4,"column":0},"end":{"line":4,"column":29}},"4":{"start":{"line":5,"column":0},"end":{"line":5,"column":63}},"5":{"start":{"line":6,"column":0},"end":{"line":6,"column":0}},"6":{"start":{"line":7,"column":0},"end":{"line":7,"column":0}},"7":{"start":{"line":8,"column":0},"end":{"line":8,"column":73}},"8":{"start":{"line":9,"column":0},"end":{"line":9,"column":45}},"9":{"start":{"line":10,"column":0},"end":{"line":10,"column":2}},"10":{"start":{"line":11,"column":0},"end":{"line":11,"column":76}},"11":{"start":{"line":12,"column":0},"end":{"line":12,"column":53}},"12":{"start":{"line":13,"column":0},"end":{"line":13,"column":0}},"13":{"start":{"line":14,"column":0},"end":{"line":14,"column":35}},"14":{"start":{"line":15,"column":0},"end":{"line":15,"column":50}},"15":{"start":{"line":16,"column":0},"end":{"line":16,"column":72}},"16":{"start":{"line":17,"column":0},"end":{"line":17,"column":26}},"17":{"start":{"line":18,"column":0},"end":{"line":18,"column":47}},"18":{"start":{"line":19,"column":0},"end":{"line":19,"column":12}},"19":{"start":{"line":20,"column":0},"end":{"line":20,"column":27}},"20":{"start":{"line":21,"column":0},"end":{"line":21,"column":43}},"21":{"start":{"line":22,"column":0},"end":{"line":22,"column":5}},"22":{"start":{"line":23,"column":0},"end":{"line":23,"column":4}},"23":{"start":{"line":24,"column":0},"end":{"line":24,"column":0}},"24":{"start":{"line":25,"column":0},"end":{"line":25,"column":68}},"25":{"start":{"line":26,"column":0},"end":{"line":26,"column":27}},"26":{"start":{"line":27,"column":0},"end":{"line":27,"column":25}},"27":{"start":{"line":28,"column":0},"end":{"line":28,"column":5}},"28":{"start":{"line":29,"column":0},"end":{"line":29,"column":4}},"29":{"start":{"line":30,"column":0},"end":{"line":30,"column":0}},"30":{"start":{"line":31,"column":0},"end":{"line":31,"column":64}},"31":{"start":{"line":32,"column":0},"end":{"line":32,"column":23}},"32":{"start":{"line":33,"column":0},"end":{"line":33,"column":3}},"33":{"start":{"line":34,"column":0},"end":{"line":34,"column":0}},"34":{"start":{"line":35,"column":0},"end":{"line":35,"column":0}},"35":{"start":{"line":36,"column":0},"end":{"line":36,"column":156}},"36":{"start":{"line":37,"column":0},"end":{"line":37,"column":0}},"37":{"start":{"line":38,"column":0},"end":{"line":38,"column":10}},"38":{"start":{"line":39,"column":0},"end":{"line":39,"column":39}},"39":{"start":{"line":40,"column":0},"end":{"line":40,"column":11}},"40":{"start":{"line":41,"column":0},"end":{"line":41,"column":16}},"41":{"start":{"line":42,"column":0},"end":{"line":42,"column":19}},"42":{"start":{"line":43,"column":0},"end":{"line":43,"column":21}},"43":{"start":{"line":44,"column":0},"end":{"line":44,"column":19}},"44":{"start":{"line":45,"column":0},"end":{"line":45,"column":29}},"45":{"start":{"line":46,"column":0},"end":{"line":46,"column":36}},"46":{"start":{"line":47,"column":0},"end":{"line":47,"column":34}},"47":{"start":{"line":48,"column":0},"end":{"line":48,"column":63}},"48":{"start":{"line":49,"column":0},"end":{"line":49,"column":87}},"49":{"start":{"line":50,"column":0},"end":{"line":50,"column":26}},"50":{"start":{"line":51,"column":0},"end":{"line":51,"column":23}},"51":{"start":{"line":52,"column":0},"end":{"line":52,"column":10}},"52":{"start":{"line":53,"column":0},"end":{"line":53,"column":8}},"53":{"start":{"line":54,"column":0},"end":{"line":54,"column":12}},"54":{"start":{"line":55,"column":0},"end":{"line":55,"column":11}},"55":{"start":{"line":56,"column":0},"end":{"line":56,"column":98}},"56":{"start":{"line":57,"column":0},"end":{"line":57,"column":12}},"57":{"start":{"line":58,"column":0},"end":{"line":58,"column":6}},"58":{"start":{"line":59,"column":0},"end":{"line":59,"column":10}},"59":{"start":{"line":60,"column":0},"end":{"line":60,"column":4}},"60":{"start":{"line":61,"column":0},"end":{"line":61,"column":0}},"61":{"start":{"line":62,"column":0},"end":{"line":62,"column":1}},"62":{"start":{"line":63,"column":0},"end":{"line":63,"column":0}},"63":{"start":{"line":64,"column":0},"end":{"line":64,"column":30}}},"s":{"0":1,"1":1,"2":1,"3":1,"4":1,"5":1,"6":1,"7":1,"8":35,"9":35,"10":35,"11":35,"12":35,"13":35,"14":4,"15":4,"16":4,"17":4,"18":4,"19":0,"20":0,"21":0,"22":4,"23":35,"24":35,"25":7,"26":3,"27":3,"28":7,"29":35,"30":35,"31":1,"32":1,"33":35,"34":35,"35":35,"36":35,"37":35,"38":35,"39":35,"40":35,"41":35,"42":35,"43":35,"44":35,"45":35,"46":35,"47":35,"48":35,"49":35,"50":35,"51":35,"52":35,"53":35,"54":35,"55":35,"56":35,"57":35,"58":35,"59":35,"60":35,"61":35,"62":1,"63":1},"branchMap":{"0":{"type":"branch","line":8,"loc":{"start":{"line":8,"column":23},"end":{"line":62,"column":1}},"locations":[{"start":{"line":8,"column":23},"end":{"line":62,"column":1}}]},"1":{"type":"branch","line":36,"loc":{"start":{"line":36,"column":45},"end":{"line":36,"column":57}},"locations":[{"start":{"line":36,"column":45},"end":{"line":36,"column":57}}]},"2":{"type":"branch","line":36,"loc":{"start":{"line":36,"column":51},"end":{"line":36,"column":156}},"locations":[{"start":{"line":36,"column":51},"end":{"line":36,"column":156}}]},"3":{"type":"branch","line":36,"loc":{"start":{"line":36,"column":83},"end":{"line":36,"column":120}},"locations":[{"start":{"line":36,"column":83},"end":{"line":36,"column":120}}]},"4":{"type":"branch","line":56,"loc":{"start":{"line":56,"column":8},"end":{"line":56,"column":98}},"locations":[{"start":{"line":56,"column":8},"end":{"line":56,"column":98}}]},"5":{"type":"branch","line":14,"loc":{"start":{"line":14,"column":28},"end":{"line":23,"column":4}},"locations":[{"start":{"line":14,"column":28},"end":{"line":23,"column":4}}]},"6":{"type":"branch","line":19,"loc":{"start":{"line":19,"column":4},"end":{"line":22,"column":5}},"locations":[{"start":{"line":19,"column":4},"end":{"line":22,"column":5}}]},"7":{"type":"branch","line":25,"loc":{"start":{"line":25,"column":27},"end":{"line":29,"column":4}},"locations":[{"start":{"line":25,"column":27},"end":{"line":29,"column":4}}]},"8":{"type":"branch","line":26,"loc":{"start":{"line":26,"column":26},"end":{"line":28,"column":5}},"locations":[{"start":{"line":26,"column":26},"end":{"line":28,"column":5}}]},"9":{"type":"branch","line":31,"loc":{"start":{"line":31,"column":26},"end":{"line":33,"column":3}},"locations":[{"start":{"line":31,"column":26},"end":{"line":33,"column":3}}]},"10":{"type":"branch","line":48,"loc":{"start":{"line":48,"column":18},"end":{"line":48,"column":63}},"locations":[{"start":{"line":48,"column":18},"end":{"line":48,"column":63}}]}},"b":{"0":[35],"1":[24],"2":[11],"3":[0],"4":[0],"5":[4],"6":[0],"7":[7],"8":[3],"9":[1],"10":[5]},"fnMap":{"0":{"name":"QuantityPicker","decl":{"start":{"line":8,"column":23},"end":{"line":62,"column":1}},"loc":{"start":{"line":8,"column":23},"end":{"line":62,"column":1}},"line":8},"1":{"name":"handleInputChange","decl":{"start":{"line":14,"column":28},"end":{"line":23,"column":4}},"loc":{"start":{"line":14,"column":28},"end":{"line":23,"column":4}},"line":14},"2":{"name":"handleEnterPress","decl":{"start":{"line":25,"column":27},"end":{"line":29,"column":4}},"loc":{"start":{"line":25,"column":27},"end":{"line":29,"column":4}},"line":25},"3":{"name":"handleFocusLoss","decl":{"start":{"line":31,"column":26},"end":{"line":33,"column":3}},"loc":{"start":{"line":31,"column":26},"end":{"line":33,"column":3}},"line":31},"4":{"name":"onChange","decl":{"start":{"line":48,"column":18},"end":{"line":48,"column":63}},"loc":{"start":{"line":48,"column":18},"end":{"line":48,"column":63}},"line":48}},"f":{"0":35,"1":4,"2":7,"3":1,"4":5}}
,"C:\\Users\\2100m\\repos\\Front-End-Web-Technology\\src\\components\\Forms\\CheckoutForm.tsx": {"path":"C:\\Users\\2100m\\repos\\Front-End-Web-Technology\\src\\components\\Forms\\CheckoutForm.tsx","all":false,"statementMap":{"0":{"start":{"line":1,"column":0},"end":{"line":1,"column":60}},"1":{"start":{"line":2,"column":0},"end":{"line":2,"column":28}},"2":{"start":{"line":3,"column":0},"end":{"line":3,"column":45}},"3":{"start":{"line":4,"column":0},"end":{"line":4,"column":59}},"4":{"start":{"line":5,"column":0},"end":{"line":5,"column":68}},"5":{"start":{"line":6,"column":0},"end":{"line":6,"column":44}},"6":{"start":{"line":7,"column":0},"end":{"line":7,"column":0}},"7":{"start":{"line":8,"column":0},"end":{"line":8,"column":28}},"8":{"start":{"line":9,"column":0},"end":{"line":9,"column":85}},"9":{"start":{"line":10,"column":0},"end":{"line":10,"column":0}},"10":{"start":{"line":11,"column":0},"end":{"line":11,"column":56}},"11":{"start":{"line":12,"column":0},"end":{"line":12,"column":0}},"12":{"start":{"line":13,"column":0},"end":{"line":13,"column":19}},"13":{"start":{"line":14,"column":0},"end":{"line":14,"column":51}},"14":{"start":{"line":15,"column":0},"end":{"line":15,"column":22}},"15":{"start":{"line":16,"column":0},"end":{"line":16,"column":0}},"16":{"start":{"line":17,"column":0},"end":{"line":17,"column":46}},"17":{"start":{"line":18,"column":0},"end":{"line":18,"column":44}},"18":{"start":{"line":19,"column":0},"end":{"line":19,"column":4}},"19":{"start":{"line":20,"column":0},"end":{"line":20,"column":0}},"20":{"start":{"line":21,"column":0},"end":{"line":21,"column":47}},"21":{"start":{"line":22,"column":0},"end":{"line":22,"column":23}},"22":{"start":{"line":23,"column":0},"end":{"line":23,"column":0}},"23":{"start":{"line":24,"column":0},"end":{"line":24,"column":19}},"24":{"start":{"line":25,"column":0},"end":{"line":25,"column":34}},"25":{"start":{"line":26,"column":0},"end":{"line":26,"column":5}},"26":{"start":{"line":27,"column":0},"end":{"line":27,"column":4}},"27":{"start":{"line":28,"column":0},"end":{"line":28,"column":0}},"28":{"start":{"line":29,"column":0},"end":{"line":29,"column":0}},"29":{"start":{"line":30,"column":0},"end":{"line":30,"column":23}},"30":{"start":{"line":31,"column":0},"end":{"line":31,"column":18}},"31":{"start":{"line":32,"column":0},"end":{"line":32,"column":17}},"32":{"start":{"line":33,"column":0},"end":{"line":33,"column":17}},"33":{"start":{"line":34,"column":0},"end":{"line":34,"column":20}},"34":{"start":{"line":35,"column":0},"end":{"line":35,"column":23}},"35":{"start":{"line":36,"column":0},"end":{"line":36,"column":21}},"36":{"start":{"line":37,"column":0},"end":{"line":37,"column":23}},"37":{"start":{"line":38,"column":0},"end":{"line":38,"column":23}},"38":{"start":{"line":39,"column":0},"end":{"line":39,"column":8}},"39":{"start":{"line":40,"column":0},"end":{"line":40,"column":0}},"40":{"start":{"line":41,"column":0},"end":{"line":41,"column":44}},"41":{"start":{"line":42,"column":0},"end":{"line":42,"column":0}},"42":{"start":{"line":43,"column":0},"end":{"line":43,"column":12}},"43":{"start":{"line":44,"column":0},"end":{"line":44,"column":32}},"44":{"start":{"line":45,"column":0},"end":{"line":45,"column":52}},"45":{"start":{"line":46,"column":0},"end":{"line":46,"column":17}},"46":{"start":{"line":47,"column":0},"end":{"line":47,"column":16}},"47":{"start":{"line":48,"column":0},"end":{"line":48,"column":0}},"48":{"start":{"line":49,"column":0},"end":{"line":49,"column":17}},"49":{"start":{"line":50,"column":0},"end":{"line":50,"column":16}},"50":{"start":{"line":51,"column":0},"end":{"line":51,"column":33}},"51":{"start":{"line":52,"column":0},"end":{"line":52,"column":23}},"52":{"start":{"line":53,"column":0},"end":{"line":53,"column":23}},"53":{"start":{"line":54,"column":0},"end":{"line":54,"column":21}},"54":{"start":{"line":55,"column":0},"end":{"line":55,"column":39}},"55":{"start":{"line":56,"column":0},"end":{"line":56,"column":71}},"56":{"start":{"line":57,"column":0},"end":{"line":57,"column":47}},"57":{"start":{"line":58,"column":0},"end":{"line":58,"column":31}},"58":{"start":{"line":59,"column":0},"end":{"line":59,"column":29}},"59":{"start":{"line":60,"column":0},"end":{"line":60,"column":31}},"60":{"start":{"line":61,"column":0},"end":{"line":61,"column":33}},"61":{"start":{"line":62,"column":0},"end":{"line":62,"column":12}},"62":{"start":{"line":63,"column":0},"end":{"line":63,"column":11}},"63":{"start":{"line":64,"column":0},"end":{"line":64,"column":16}},"64":{"start":{"line":65,"column":0},"end":{"line":65,"column":33}},"65":{"start":{"line":66,"column":0},"end":{"line":66,"column":23}},"66":{"start":{"line":67,"column":0},"end":{"line":67,"column":23}},"67":{"start":{"line":68,"column":0},"end":{"line":68,"column":21}},"68":{"start":{"line":69,"column":0},"end":{"line":69,"column":39}},"69":{"start":{"line":70,"column":0},"end":{"line":70,"column":71}},"70":{"start":{"line":71,"column":0},"end":{"line":71,"column":31}},"71":{"start":{"line":72,"column":0},"end":{"line":72,"column":29}},"72":{"start":{"line":73,"column":0},"end":{"line":73,"column":31}},"73":{"start":{"line":74,"column":0},"end":{"line":74,"column":33}},"74":{"start":{"line":75,"column":0},"end":{"line":75,"column":13}},"75":{"start":{"line":76,"column":0},"end":{"line":76,"column":0}},"76":{"start":{"line":77,"column":0},"end":{"line":77,"column":12}},"77":{"start":{"line":78,"column":0},"end":{"line":78,"column":5}},"78":{"start":{"line":79,"column":0},"end":{"line":79,"column":3}},"79":{"start":{"line":80,"column":0},"end":{"line":80,"column":0}},"80":{"start":{"line":81,"column":0},"end":{"line":81,"column":10}},"81":{"start":{"line":82,"column":0},"end":{"line":82,"column":35}},"82":{"start":{"line":83,"column":0},"end":{"line":83,"column":64}},"83":{"start":{"line":84,"column":0},"end":{"line":84,"column":58}},"84":{"start":{"line":85,"column":0},"end":{"line":85,"column":0}},"85":{"start":{"line":86,"column":0},"end":{"line":86,"column":85}},"86":{"start":{"line":87,"column":0},"end":{"line":87,"column":0}},"87":{"start":{"line":88,"column":0},"end":{"line":88,"column":36}},"88":{"start":{"line":89,"column":0},"end":{"line":89,"column":55}},"89":{"start":{"line":90,"column":0},"end":{"line":90,"column":24}},"90":{"start":{"line":91,"column":0},"end":{"line":91,"column":20}},"91":{"start":{"line":92,"column":0},"end":{"line":92,"column":18}},"92":{"start":{"line":93,"column":0},"end":{"line":93,"column":35}},"93":{"start":{"line":94,"column":0},"end":{"line":94,"column":25}},"94":{"start":{"line":95,"column":0},"end":{"line":95,"column":24}},"95":{"start":{"line":96,"column":0},"end":{"line":96,"column":22}},"96":{"start":{"line":97,"column":0},"end":{"line":97,"column":38}},"97":{"start":{"line":98,"column":0},"end":{"line":98,"column":73}},"98":{"start":{"line":99,"column":0},"end":{"line":99,"column":49}},"99":{"start":{"line":100,"column":0},"end":{"line":100,"column":22}},"100":{"start":{"line":101,"column":0},"end":{"line":101,"column":29}},"101":{"start":{"line":102,"column":0},"end":{"line":102,"column":14}},"102":{"start":{"line":103,"column":0},"end":{"line":103,"column":27}},"103":{"start":{"line":104,"column":0},"end":{"line":104,"column":19}},"104":{"start":{"line":105,"column":0},"end":{"line":105,"column":58}},"105":{"start":{"line":106,"column":0},"end":{"line":106,"column":20}},"106":{"start":{"line":107,"column":0},"end":{"line":107,"column":14}},"107":{"start":{"line":108,"column":0},"end":{"line":108,"column":16}},"108":{"start":{"line":109,"column":0},"end":{"line":109,"column":0}},"109":{"start":{"line":110,"column":0},"end":{"line":110,"column":79}},"110":{"start":{"line":111,"column":0},"end":{"line":111,"column":75}},"111":{"start":{"line":112,"column":0},"end":{"line":112,"column":67}},"112":{"start":{"line":113,"column":0},"end":{"line":113,"column":74}},"113":{"start":{"line":114,"column":0},"end":{"line":114,"column":87}},"114":{"start":{"line":115,"column":0},"end":{"line":115,"column":85}},"115":{"start":{"line":116,"column":0},"end":{"line":116,"column":88}},"116":{"start":{"line":117,"column":0},"end":{"line":117,"column":64}},"117":{"start":{"line":118,"column":0},"end":{"line":118,"column":68}},"118":{"start":{"line":119,"column":0},"end":{"line":119,"column":87}},"119":{"start":{"line":120,"column":0},"end":{"line":120,"column":0}},"120":{"start":{"line":121,"column":0},"end":{"line":121,"column":0}},"121":{"start":{"line":122,"column":0},"end":{"line":122,"column":16}},"122":{"start":{"line":123,"column":0},"end":{"line":123,"column":15}},"123":{"start":{"line":124,"column":0},"end":{"line":124,"column":98}},"124":{"start":{"line":125,"column":0},"end":{"line":125,"column":62}},"125":{"start":{"line":126,"column":0},"end":{"line":126,"column":16}},"126":{"start":{"line":127,"column":0},"end":{"line":127,"column":15}},"127":{"start":{"line":128,"column":0},"end":{"line":128,"column":7}},"128":{"start":{"line":129,"column":0},"end":{"line":129,"column":10}},"129":{"start":{"line":130,"column":0},"end":{"line":130,"column":4}},"130":{"start":{"line":131,"column":0},"end":{"line":131,"column":2}},"131":{"start":{"line":132,"column":0},"end":{"line":132,"column":0}},"132":{"start":{"line":133,"column":0},"end":{"line":133,"column":28}}},"s":{"0":1,"1":1,"2":1,"3":1,"4":1,"5":1,"6":1,"7":1,"8":26,"9":26,"10":26,"11":26,"12":26,"13":4,"14":26,"15":26,"16":26,"17":0,"18":0,"19":26,"20":26,"21":0,"22":0,"23":0,"24":0,"25":0,"26":0,"27":26,"28":26,"29":26,"30":231,"31":231,"32":231,"33":231,"34":231,"35":231,"36":231,"37":231,"38":231,"39":231,"40":231,"41":231,"42":231,"43":231,"44":231,"45":231,"46":231,"47":231,"48":231,"49":189,"50":189,"51":189,"52":189,"53":189,"54":189,"55":189,"56":189,"57":189,"58":189,"59":189,"60":189,"61":189,"62":42,"63":42,"64":42,"65":42,"66":42,"67":42,"68":42,"69":42,"70":42,"71":42,"72":42,"73":42,"74":42,"75":231,"76":231,"77":231,"78":231,"79":26,"80":26,"81":26,"82":26,"83":21,"84":21,"85":21,"86":21,"87":21,"88":21,"89":21,"90":21,"91":21,"92":21,"93":21,"94":21,"95":21,"96":21,"97":21,"98":21,"99":21,"100":21,"101":21,"102":21,"103":3,"104":3,"105":3,"106":21,"107":21,"108":21,"109":21,"110":21,"111":21,"112":21,"113":21,"114":21,"115":21,"116":21,"117":21,"118":21,"119":21,"120":21,"121":21,"122":21,"123":21,"124":21,"125":21,"126":21,"127":26,"128":26,"129":26,"130":26,"131":1,"132":1},"branchMap":{"0":{"type":"branch","line":8,"loc":{"start":{"line":8,"column":21},"end":{"line":131,"column":2}},"locations":[{"start":{"line":8,"column":21},"end":{"line":131,"column":2}}]},"1":{"type":"branch","line":83,"loc":{"start":{"line":83,"column":7},"end":{"line":83,"column":64}},"locations":[{"start":{"line":83,"column":7},"end":{"line":83,"column":64}}]},"2":{"type":"branch","line":83,"loc":{"start":{"line":83,"column":60},"end":{"line":127,"column":15}},"locations":[{"start":{"line":83,"column":60},"end":{"line":127,"column":15}}]},"3":{"type":"branch","line":103,"loc":{"start":{"line":103,"column":14},"end":{"line":106,"column":20}},"locations":[{"start":{"line":103,"column":14},"end":{"line":106,"column":20}}]},"4":{"type":"branch","line":13,"loc":{"start":{"line":13,"column":12},"end":{"line":15,"column":5}},"locations":[{"start":{"line":13,"column":12},"end":{"line":15,"column":5}}]},"5":{"type":"branch","line":14,"loc":{"start":{"line":14,"column":34},"end":{"line":14,"column":51}},"locations":[{"start":{"line":14,"column":34},"end":{"line":14,"column":51}}]},"6":{"type":"branch","line":30,"loc":{"start":{"line":30,"column":22},"end":{"line":79,"column":3}},"locations":[{"start":{"line":30,"column":22},"end":{"line":79,"column":3}}]},"7":{"type":"branch","line":49,"loc":{"start":{"line":49,"column":9},"end":{"line":62,"column":12}},"locations":[{"start":{"line":49,"column":9},"end":{"line":62,"column":12}}]},"8":{"type":"branch","line":62,"loc":{"start":{"line":62,"column":10},"end":{"line":75,"column":13}},"locations":[{"start":{"line":62,"column":10},"end":{"line":75,"column":13}}]},"9":{"type":"branch","line":98,"loc":{"start":{"line":98,"column":24},"end":{"line":98,"column":73}},"locations":[{"start":{"line":98,"column":24},"end":{"line":98,"column":73}}]}},"b":{"0":[26],"1":[5],"2":[21],"3":[3],"4":[4],"5":[3],"6":[231],"7":[189],"8":[42],"9":[9]},"fnMap":{"0":{"name":"CheckoutForm","decl":{"start":{"line":8,"column":21},"end":{"line":131,"column":2}},"loc":{"start":{"line":8,"column":21},"end":{"line":131,"column":2}},"line":8},"1":{"name":"saveInput","decl":{"start":{"line":17,"column":20},"end":{"line":19,"column":4}},"loc":{"start":{"line":17,"column":20},"end":{"line":19,"column":4}},"line":17},"2":{"name":"handleSubmit","decl":{"start":{"line":21,"column":23},"end":{"line":27,"column":4}},"loc":{"start":{"line":21,"column":23},"end":{"line":27,"column":4}},"line":21},"3":{"name":"renderInput","decl":{"start":{"line":30,"column":22},"end":{"line":79,"column":3}},"loc":{"start":{"line":30,"column":22},"end":{"line":79,"column":3}},"line":30},"4":{"name":"onChange","decl":{"start":{"line":56,"column":22},"end":{"line":56,"column":71}},"loc":{"start":{"line":56,"column":22},"end":{"line":56,"column":71}},"line":56},"5":{"name":"onBlur","decl":{"start":{"line":57,"column":20},"end":{"line":57,"column":47}},"loc":{"start":{"line":57,"column":20},"end":{"line":57,"column":47}},"line":57},"6":{"name":"onChange","decl":{"start":{"line":70,"column":22},"end":{"line":70,"column":71}},"loc":{"start":{"line":70,"column":22},"end":{"line":70,"column":71}},"line":70},"7":{"name":"onChange","decl":{"start":{"line":98,"column":24},"end":{"line":98,"column":73}},"loc":{"start":{"line":98,"column":24},"end":{"line":98,"column":73}},"line":98},"8":{"name":"onBlur","decl":{"start":{"line":99,"column":22},"end":{"line":99,"column":49}},"loc":{"start":{"line":99,"column":22},"end":{"line":99,"column":49}},"line":99},"9":{"name":"onClick","decl":{"start":{"line":124,"column":66},"end":{"line":124,"column":85}},"loc":{"start":{"line":124,"column":66},"end":{"line":124,"column":85}},"line":124}},"f":{"0":26,"1":0,"2":0,"3":231,"4":0,"5":0,"6":0,"7":9,"8":0,"9":0}}
,"C:\\Users\\2100m\\repos\\Front-End-Web-Technology\\src\\components\\NudgeMessage\\NudgeQuantityRebate.tsx": {"path":"C:\\Users\\2100m\\repos\\Front-End-Web-Technology\\src\\components\\NudgeMessage\\NudgeQuantityRebate.tsx","all":false,"statementMap":{"0":{"start":{"line":1,"column":0},"end":{"line":1,"column":32}},"1":{"start":{"line":2,"column":0},"end":{"line":2,"column":27}},"2":{"start":{"line":3,"column":0},"end":{"line":3,"column":29}},"3":{"start":{"line":4,"column":0},"end":{"line":4,"column":21}},"4":{"start":{"line":5,"column":0},"end":{"line":5,"column":17}},"5":{"start":{"line":6,"column":0},"end":{"line":6,"column":1}},"6":{"start":{"line":7,"column":0},"end":{"line":7,"column":0}},"7":{"start":{"line":8,"column":0},"end":{"line":8,"column":110}},"8":{"start":{"line":9,"column":0},"end":{"line":9,"column":0}},"9":{"start":{"line":10,"column":0},"end":{"line":10,"column":54}},"10":{"start":{"line":11,"column":0},"end":{"line":11,"column":71}},"11":{"start":{"line":12,"column":0},"end":{"line":12,"column":12}},"12":{"start":{"line":13,"column":0},"end":{"line":13,"column":10}},"13":{"start":{"line":14,"column":0},"end":{"line":14,"column":31}},"14":{"start":{"line":15,"column":0},"end":{"line":15,"column":49}},"15":{"start":{"line":16,"column":0},"end":{"line":16,"column":98}},"16":{"start":{"line":17,"column":0},"end":{"line":17,"column":22}},"17":{"start":{"line":18,"column":0},"end":{"line":18,"column":17}},"18":{"start":{"line":19,"column":0},"end":{"line":19,"column":49}},"19":{"start":{"line":20,"column":0},"end":{"line":20,"column":81}},"20":{"start":{"line":21,"column":0},"end":{"line":21,"column":122}},"21":{"start":{"line":22,"column":0},"end":{"line":22,"column":22}},"22":{"start":{"line":23,"column":0},"end":{"line":23,"column":13}},"23":{"start":{"line":24,"column":0},"end":{"line":24,"column":11}},"24":{"start":{"line":25,"column":0},"end":{"line":25,"column":5}},"25":{"start":{"line":26,"column":0},"end":{"line":26,"column":1}},"26":{"start":{"line":27,"column":0},"end":{"line":27,"column":0}},"27":{"start":{"line":28,"column":0},"end":{"line":28,"column":35}}},"s":{"0":1,"1":1,"2":1,"3":1,"4":1,"5":1,"6":1,"7":1,"8":30,"9":30,"10":30,"11":30,"12":30,"13":30,"14":30,"15":30,"16":30,"17":0,"18":0,"19":0,"20":0,"21":0,"22":30,"23":30,"24":30,"25":30,"26":1,"27":1},"branchMap":{"0":{"type":"branch","line":8,"loc":{"start":{"line":8,"column":28},"end":{"line":26,"column":1}},"locations":[{"start":{"line":8,"column":28},"end":{"line":26,"column":1}}]},"1":{"type":"branch","line":17,"loc":{"start":{"line":17,"column":16},"end":{"line":22,"column":22}},"locations":[{"start":{"line":17,"column":16},"end":{"line":22,"column":22}}]}},"b":{"0":[30],"1":[0]},"fnMap":{"0":{"name":"NudgeQuantityRebate","decl":{"start":{"line":8,"column":28},"end":{"line":26,"column":1}},"loc":{"start":{"line":8,"column":28},"end":{"line":26,"column":1}},"line":8}},"f":{"0":30}}
,"C:\\Users\\2100m\\repos\\Front-End-Web-Technology\\src\\components\\NudgeMessage\\NudgeUpSell.tsx": {"path":"C:\\Users\\2100m\\repos\\Front-End-Web-Technology\\src\\components\\NudgeMessage\\NudgeUpSell.tsx","all":false,"statementMap":{"0":{"start":{"line":1,"column":0},"end":{"line":1,"column":53}},"1":{"start":{"line":2,"column":0},"end":{"line":2,"column":60}},"2":{"start":{"line":3,"column":0},"end":{"line":3,"column":0}},"3":{"start":{"line":4,"column":0},"end":{"line":4,"column":24}},"4":{"start":{"line":5,"column":0},"end":{"line":5,"column":22}},"5":{"start":{"line":6,"column":0},"end":{"line":6,"column":22}},"6":{"start":{"line":7,"column":0},"end":{"line":7,"column":1}},"7":{"start":{"line":8,"column":0},"end":{"line":8,"column":0}},"8":{"start":{"line":9,"column":0},"end":{"line":9,"column":66}},"9":{"start":{"line":10,"column":0},"end":{"line":10,"column":4}},"10":{"start":{"line":11,"column":0},"end":{"line":11,"column":46}},"11":{"start":{"line":12,"column":0},"end":{"line":12,"column":0}},"12":{"start":{"line":13,"column":0},"end":{"line":13,"column":12}},"13":{"start":{"line":14,"column":0},"end":{"line":14,"column":71}},"14":{"start":{"line":15,"column":0},"end":{"line":15,"column":36}},"15":{"start":{"line":16,"column":0},"end":{"line":16,"column":35}},"16":{"start":{"line":17,"column":0},"end":{"line":17,"column":110}},"17":{"start":{"line":18,"column":0},"end":{"line":18,"column":14}},"18":{"start":{"line":19,"column":0},"end":{"line":19,"column":5}},"19":{"start":{"line":20,"column":0},"end":{"line":20,"column":0}},"20":{"start":{"line":21,"column":0},"end":{"line":21,"column":1}},"21":{"start":{"line":22,"column":0},"end":{"line":22,"column":0}},"22":{"start":{"line":23,"column":0},"end":{"line":23,"column":27}}},"s":{"0":1,"1":1,"2":1,"3":1,"4":1,"5":1,"6":1,"7":1,"8":1,"9":5,"10":5,"11":5,"12":5,"13":5,"14":5,"15":5,"16":5,"17":5,"18":5,"19":5,"20":5,"21":1,"22":1},"branchMap":{"0":{"type":"branch","line":9,"loc":{"start":{"line":9,"column":20},"end":{"line":21,"column":1}},"locations":[{"start":{"line":9,"column":20},"end":{"line":21,"column":1}}]},"1":{"type":"branch","line":17,"loc":{"start":{"line":17,"column":29},"end":{"line":17,"column":62}},"locations":[{"start":{"line":17,"column":29},"end":{"line":17,"column":62}}]}},"b":{"0":[5],"1":[1]},"fnMap":{"0":{"name":"NudgeUpSell","decl":{"start":{"line":9,"column":20},"end":{"line":21,"column":1}},"loc":{"start":{"line":9,"column":20},"end":{"line":21,"column":1}},"line":9},"1":{"name":"onClick","decl":{"start":{"line":17,"column":29},"end":{"line":17,"column":62}},"loc":{"start":{"line":17,"column":29},"end":{"line":17,"column":62}},"line":17}},"f":{"0":5,"1":1}}
,"C:\\Users\\2100m\\repos\\Front-End-Web-Technology\\src\\components\\Payment\\Payment.tsx": {"path":"C:\\Users\\2100m\\repos\\Front-End-Web-Technology\\src\\components\\Payment\\Payment.tsx","all":false,"statementMap":{"0":{"start":{"line":1,"column":0},"end":{"line":1,"column":23}},"1":{"start":{"line":2,"column":0},"end":{"line":2,"column":59}},"2":{"start":{"line":3,"column":0},"end":{"line":3,"column":0}},"3":{"start":{"line":4,"column":0},"end":{"line":4,"column":23}},"4":{"start":{"line":5,"column":0},"end":{"line":5,"column":0}},"5":{"start":{"line":6,"column":0},"end":{"line":6,"column":63}},"6":{"start":{"line":7,"column":0},"end":{"line":7,"column":23}},"7":{"start":{"line":8,"column":0},"end":{"line":8,"column":32}},"8":{"start":{"line":9,"column":0},"end":{"line":9,"column":4}},"9":{"start":{"line":10,"column":0},"end":{"line":10,"column":0}},"10":{"start":{"line":11,"column":0},"end":{"line":11,"column":10}},"11":{"start":{"line":12,"column":0},"end":{"line":12,"column":38}},"12":{"start":{"line":13,"column":0},"end":{"line":13,"column":40}},"13":{"start":{"line":14,"column":0},"end":{"line":14,"column":24}},"14":{"start":{"line":15,"column":0},"end":{"line":15,"column":66}},"15":{"start":{"line":16,"column":0},"end":{"line":16,"column":40}},"16":{"start":{"line":17,"column":0},"end":{"line":17,"column":19}},"17":{"start":{"line":18,"column":0},"end":{"line":18,"column":21}},"18":{"start":{"line":19,"column":0},"end":{"line":19,"column":50}},"19":{"start":{"line":20,"column":0},"end":{"line":20,"column":56}},"20":{"start":{"line":21,"column":0},"end":{"line":21,"column":24}},"21":{"start":{"line":22,"column":0},"end":{"line":22,"column":20}},"22":{"start":{"line":23,"column":0},"end":{"line":23,"column":19}},"23":{"start":{"line":24,"column":0},"end":{"line":24,"column":24}},"24":{"start":{"line":25,"column":0},"end":{"line":25,"column":41}},"25":{"start":{"line":26,"column":0},"end":{"line":26,"column":57}},"26":{"start":{"line":27,"column":0},"end":{"line":27,"column":22}},"27":{"start":{"line":28,"column":0},"end":{"line":28,"column":14}},"28":{"start":{"line":29,"column":0},"end":{"line":29,"column":18}},"29":{"start":{"line":30,"column":0},"end":{"line":30,"column":16}},"30":{"start":{"line":31,"column":0},"end":{"line":31,"column":0}},"31":{"start":{"line":32,"column":0},"end":{"line":32,"column":35}},"32":{"start":{"line":
[...]
8,"loc":{"start":{"line":198,"column":27},"end":{"line":198,"column":57}},"locations":[{"start":{"line":198,"column":27},"end":{"line":198,"column":57}}]},"30":{"type":"branch","line":201,"loc":{"start":{"line":201,"column":27},"end":{"line":209,"column":4}},"locations":[{"start":{"line":201,"column":27},"end":{"line":209,"column":4}}]},"31":{"type":"branch","line":202,"loc":{"start":{"line":202,"column":52},"end":{"line":202,"column":91}},"locations":[{"start":{"line":202,"column":52},"end":{"line":202,"column":91}}]},"32":{"type":"branch","line":211,"loc":{"start":{"line":211,"column":28},"end":{"line":213,"column":4}},"locations":[{"start":{"line":211,"column":28},"end":{"line":213,"column":4}}]},"33":{"type":"branch","line":212,"loc":{"start":{"line":212,"column":28},"end":{"line":212,"column":66}},"locations":[{"start":{"line":212,"column":28},"end":{"line":212,"column":66}}]},"34":{"type":"branch","line":231,"loc":{"start":{"line":231,"column":0},"end":{"line":231,"column":2}},"locations":[{"start":{"line":231,"column":0},"end":{"line":231,"column":2}}]}},"b":{"0":[118],"1":[118],"2":[20],"3":[8],"4":[5],"5":[3],"6":[8],"7":[5],"8":[3],"9":[17],"10":[8],"11":[4],"12":[4],"13":[3],"14":[11],"15":[6],"16":[2],"17":[6],"18":[2],"19":[6],"20":[1],"21":[1],"22":[3],"23":[14],"24":[0],"25":[0],"26":[30],"27":[0],"28":[5],"29":[15],"30":[4],"31":[4],"32":[9],"33":[22],"34":[8]},"fnMap":{"0":{"name":"delay","decl":{"start":{"line":41,"column":14},"end":{"line":41,"column":80}},"loc":{"start":{"line":41,"column":14},"end":{"line":41,"column":80}},"line":41},"1":{"name":"setBasketItems","decl":{"start":{"line":46,"column":18},"end":{"line":46,"column":28}},"loc":{"start":{"line":46,"column":18},"end":{"line":46,"column":28}},"line":46},"2":{"name":"removeFromCart","decl":{"start":{"line":47,"column":18},"end":{"line":47,"column":28}},"loc":{"start":{"line":47,"column":18},"end":{"line":47,"column":28}},"line":47},"3":{"name":"changeToUpsell","decl":{"start":{"line":48,"column":18},"end":{"line":48,"column":28}},"loc":{"start":{"line":48,"column":18},"end":{"line":48,"column":28}},"line":48},"4":{"name":"calculateTotals","decl":{"start":{"line":49,"column":19},"end":{"line":56,"column":5}},"loc":{"start":{"line":49,"column":19},"end":{"line":56,"column":5}},"line":49},"5":{"name":"getProductName","decl":{"start":{"line":57,"column":18},"end":{"line":57,"column":34}},"loc":{"start":{"line":57,"column":18},"end":{"line":57,"column":34}},"line":57},"6":{"name":"onQuantityChange","decl":{"start":{"line":58,"column":20},"end":{"line":58,"column":29}},"loc":{"start":{"line":58,"column":20},"end":{"line":58,"column":29}},"line":58},"7":{"name":"isProductInBasket","decl":{"start":{"line":59,"column":21},"end":{"line":59,"column":33}},"loc":{"start":{"line":59,"column":21},"end":{"line":59,"column":33}},"line":59},"8":{"name":"useCartContext","decl":{"start":{"line":65,"column":30},"end":{"line":67,"column":2}},"loc":{"start":{"line":65,"column":30},"end":{"line":67,"column":2}},"line":65},"9":{"name":"get","decl":{"start":{"line":67,"column":0},"end":{"line":67,"column":2}},"loc":{"start":{"line":67,"column":0},"end":{"line":67,"column":2}},"line":67},"10":{"name":"CartProvider","decl":{"start":{"line":70,"column":51},"end":{"line":231,"column":2}},"loc":{"start":{"line":70,"column":51},"end":{"line":231,"column":2}},"line":70},"11":{"name":"fetchItems","decl":{"start":{"line":90,"column":23},"end":{"line":97,"column":6}},"loc":{"start":{"line":90,"column":23},"end":{"line":97,"column":6}},"line":90},"12":{"name":"removeFromCart","decl":{"start":{"line":117,"column":25},"end":{"line":120,"column":4}},"loc":{"start":{"line":117,"column":25},"end":{"line":120,"column":4}},"line":117},"13":{"name":"changeToUpsell","decl":{"start":{"line":122,"column":25},"end":{"line":143,"column":4}},"loc":{"start":{"line":122,"column":25},"end":{"line":143,"column":4}},"line":122},"14":{"name":"calculateTotals","decl":{"start":{"line":151,"column":26},"end":{"line":194,"column":4}},"loc":{"start":{"line":151,"column":26},"end":{"line":194,"column":4}},"line":151},"15":{"name":"getProductName","decl":{"start":{"line":196,"column":25},"end":{"line":199,"column":4}},"loc":{"start":{"line":196,"column":25},"end":{"line":199,"column":4}},"line":196},"16":{"name":"onQuantityChange","decl":{"start":{"line":201,"column":27},"end":{"line":209,"column":4}},"loc":{"start":{"line":201,"column":27},"end":{"line":209,"column":4}},"line":201},"17":{"name":"isProductInBasket","decl":{"start":{"line":211,"column":28},"end":{"line":213,"column":4}},"loc":{"start":{"line":211,"column":28},"end":{"line":213,"column":4}},"line":211},"18":{"name":"get","decl":{"start":{"line":231,"column":0},"end":{"line":231,"column":2}},"loc":{"start":{"line":231,"column":0},"end":{"line":231,"column":2}},"line":231}},"f":{"0":0,"1":0,"2":0,"3":0,"4":0,"5":0,"6":0,"7":0,"8":118,"9":118,"10":20,"11":4,"12":2,"13":1,"14":14,"15":5,"16":4,"17":9,"18":8}}
,"C:\\Users\\2100m\\repos\\Front-End-Web-Technology\\src\\contexts\\CheckoutContext.tsx": {"path":"C:\\Users\\2100m\\repos\\Front-End-Web-Technology\\src\\contexts\\CheckoutContext.tsx","all":false,"statementMap":{"0":{"start":{"line":1,"column":0},"end":{"line":1,"column":86}},"1":{"start":{"line":2,"column":0},"end":{"line":2,"column":42}},"2":{"start":{"line":3,"column":0},"end":{"line":3,"column":0}},"3":{"start":{"line":4,"column":0},"end":{"line":4,"column":40}},"4":{"start":{"line":5,"column":0},"end":{"line":5,"column":24}},"5":{"start":{"line":6,"column":0},"end":{"line":6,"column":3}},"6":{"start":{"line":7,"column":0},"end":{"line":7,"column":31}},"7":{"start":{"line":8,"column":0},"end":{"line":8,"column":21}},"8":{"start":{"line":9,"column":0},"end":{"line":9,"column":63}},"9":{"start":{"line":10,"column":0},"end":{"line":10,"column":20}},"10":{"start":{"line":11,"column":0},"end":{"line":11,"column":40}},"11":{"start":{"line":12,"column":0},"end":{"line":12,"column":48}},"12":{"start":{"line":13,"column":0},"end":{"line":13,"column":1}},"13":{"start":{"line":14,"column":0},"end":{"line":14,"column":0}},"14":{"start":{"line":15,"column":0},"end":{"line":15,"column":0}},"15":{"start":{"line":16,"column":0},"end":{"line":16,"column":86}},"16":{"start":{"line":17,"column":0},"end":{"line":17,"column":0}},"17":{"start":{"line":18,"column":0},"end":{"line":18,"column":68}},"18":{"start":{"line":19,"column":0},"end":{"line":19,"column":0}},"19":{"start":{"line":20,"column":0},"end":{"line":20,"column":78}},"20":{"start":{"line":21,"column":0},"end":{"line":21,"column":0}},"21":{"start":{"line":22,"column":0},"end":{"line":22,"column":49}},"22":{"start":{"line":23,"column":0},"end":{"line":23,"column":0}},"23":{"start":{"line":24,"column":0},"end":{"line":24,"column":46}},"24":{"start":{"line":25,"column":0},"end":{"line":25,"column":39}},"25":{"start":{"line":26,"column":0},"end":{"line":26,"column":25}},"26":{"start":{"line":27,"column":0},"end":{"line":27,"column":18}},"27":{"start":{"line":28,"column":0},"end":{"line":28,"column":15}},"28":{"start":{"line":29,"column":0},"end":{"line":29,"column":19}},"29":{"start":{"line":30,"column":0},"end":{"line":30,"column":19}},"30":{"start":{"line":31,"column":0},"end":{"line":31,"column":25}},"31":{"start":{"line":32,"column":0},"end":{"line":32,"column":20}},"32":{"start":{"line":33,"column":0},"end":{"line":33,"column":19}},"33":{"start":{"line":34,"column":0},"end":{"line":34,"column":16}},"34":{"start":{"line":35,"column":0},"end":{"line":35,"column":16}},"35":{"start":{"line":36,"column":0},"end":{"line":36,"column":22}},"36":{"start":{"line":37,"column":0},"end":{"line":37,"column":21}},"37":{"start":{"line":38,"column":0},"end":{"line":38,"column":6}},"38":{"start":{"line":39,"column":0},"end":{"line":39,"column":2}},"39":{"start":{"line":40,"column":0},"end":{"line":40,"column":48}},"40":{"start":{"line":41,"column":0},"end":{"line":41,"column":0}},"41":{"start":{"line":42,"column":0},"end":{"line":42,"column":51}},"42":{"start":{"line":43,"column":0},"end":{"line":43,"column":41}},"43":{"start":{"line":44,"column":0},"end":{"line":44,"column":46}},"44":{"start":{"line":45,"column":0},"end":{"line":45,"column":18}},"45":{"start":{"line":46,"column":0},"end":{"line":46,"column":36}},"46":{"start":{"line":47,"column":0},"end":{"line":47,"column":7}},"47":{"start":{"line":48,"column":0},"end":{"line":48,"column":7}},"48":{"start":{"line":49,"column":0},"end":{"line":49,"column":3}},"49":{"start":{"line":50,"column":0},"end":{"line":50,"column":52}},"50":{"start":{"line":51,"column":0},"end":{"line":51,"column":4}},"51":{"start":{"line":52,"column":0},"end":{"line":52,"column":0}},"52":{"start":{"line":53,"column":0},"end":{"line":53,"column":75}},"53":{"start":{"line":54,"column":0},"end":{"line":54,"column":0}},"54":{"start":{"line":55,"column":0},"end":{"line":55,"column":66}},"55":{"start":{"line":56,"column":0},"end":{"line":56,"column":0}},"56":{"start":{"line":57,"column":0},"end":{"line":57,"column":17}},"57":{"start":{"line":58,"column":0},"end":{"line":58,"column":18}},"58":{"start":{"line":59,"column":0},"end":{"line":59,"column":19}},"59":{"start":{"line":60,"column":0},"end":{"line":60,"column":7}},"60":{"start":{"line":61,"column":0},"end":{"line":61,"column":4}},"61":{"start":{"line":62,"column":0},"end":{"line":62,"column":0}},"62":{"start":{"line":63,"column":0},"end":{"line":63,"column":93}},"63":{"start":{"line":64,"column":0},"end":{"line":64,"column":61}},"64":{"start":{"line":65,"column":0},"end":{"line":65,"column":60}},"65":{"start":{"line":66,"column":0},"end":{"line":66,"column":6}},"66":{"start":{"line":67,"column":0},"end":{"line":67,"column":0}},"67":{"start":{"line":68,"column":0},"end":{"line":68,"column":0}},"68":{"start":{"line":69,"column":0},"end":{"line":69,"column":73}},"69":{"start":{"line":70,"column":0},"end":{"line":70,"column":33}},"70":{"start":{"line":71,"column":0},"end":{"line":71,"column":37}},"71":{"start":{"line":72,"column":0},"end":{"line":72,"column":9}},"72":{"start":{"line":73,"column":0},"end":{"line":73,"column":0}},"73":{"start":{"line":74,"column":0},"end":{"line":74,"column":68}},"74":{"start":{"line":75,"column":0},"end":{"line":75,"column":47}},"75":{"start":{"line":76,"column":0},"end":{"line":76,"column":41}},"76":{"start":{"line":77,"column":0},"end":{"line":77,"column":0}},"77":{"start":{"line":78,"column":0},"end":{"line":78,"column":107}},"78":{"start":{"line":79,"column":0},"end":{"line":79,"column":64}},"79":{"start":{"line":80,"column":0},"end":{"line":80,"column":31}},"80":{"start":{"line":81,"column":0},"end":{"line":81,"column":0}},"81":{"start":{"line":82,"column":0},"end":{"line":82,"column":21}},"82":{"start":{"line":83,"column":0},"end":{"line":83,"column":25}},"83":{"start":{"line":84,"column":0},"end":{"line":84,"column":5}},"84":{"start":{"line":85,"column":0},"end":{"line":85,"column":4}},"85":{"start":{"line":86,"column":0},"end":{"line":86,"column":0}},"86":{"start":{"line":87,"column":0},"end":{"line":87,"column":19}},"87":{"start":{"line":88,"column":0},"end":{"line":88,"column":35}},"88":{"start":{"line":89,"column":0},"end":{"line":89,"column":18}},"89":{"start":{"line":90,"column":0},"end":{"line":90,"column":5}},"90":{"start":{"line":91,"column":0},"end":{"line":91,"column":9}},"91":{"start":{"line":92,"column":0},"end":{"line":92,"column":0}},"92":{"start":{"line":93,"column":0},"end":{"line":93,"column":97}},"93":{"start":{"line":94,"column":0},"end":{"line":94,"column":19}},"94":{"start":{"line":95,"column":0},"end":{"line":95,"column":40}},"95":{"start":{"line":96,"column":0},"end":{"line":96,"column":59}},"96":{"start":{"line":97,"column":0},"end":{"line":97,"column":78}},"97":{"start":{"line":98,"column":0},"end":{"line":98,"column":8}},"98":{"start":{"line":99,"column":0},"end":{"line":99,"column":40}},"99":{"start":{"line":100,"column":0},"end":{"line":100,"column":26}},"100":{"start":{"line":101,"column":0},"end":{"line":101,"column":73}},"101":{"start":{"line":102,"column":0},"end":{"line":102,"column":14}},"102":{"start":{"line":103,"column":0},"end":{"line":103,"column":27}},"103":{"start":{"line":104,"column":0},"end":{"line":104,"column":7}},"104":{"start":{"line":105,"column":0},"end":{"line":105,"column":12}},"105":{"start":{"line":106,"column":0},"end":{"line":106,"column":32}},"106":{"start":{"line":107,"column":0},"end":{"line":107,"column":5}},"107":{"start":{"line":108,"column":0},"end":{"line":108,"column":25}},"108":{"start":{"line":109,"column":0},"end":{"line":109,"column":0}},"109":{"start":{"line":110,"column":0},"end":{"line":110,"column":10}},"110":{"start":{"line":111,"column":0},"end":{"line":111,"column":29}},"111":{"start":{"line":112,"column":0},"end":{"line":112,"column":14}},"112":{"start":{"line":113,"column":0},"end":{"line":113,"column":17}},"113":{"start":{"line":114,"column":0},"end":{"line":114,"column":23}},"114":{"start":{"line":115,"column":0},"end":{"line":115,"column":17}},"115":{"start":{"line":116,"column":0},"end":{"line":116,"column":20}},"116":{"start":{"line":117,"column":0},"end":{"line":117,"column":22}},"117":{"start":{"line":118,"column":0},"end":{"line":118,"column":8}},"118":{"start":{"line":119,"column":0},"end":{"line":119,"column":5}},"119":{"start":{"line":120,"column":0},"end":{"line":120,"column":16}},"120":{"start":{"line":121,"column":0},"end":{"line":121,"column":31}},"121":{"start":{"line":122,"column":0},"end":{"line":122,"column":4}},"122":{"start":{"line":123,"column":0},"end":{"line":123,"column":2}}},"s":{"0":1,"1":1,"2":1,"3":1,"4":1,"5":1,"6":1,"7":1,"8":1,"9":1,"10":1,"11":1,"12":1,"13":1,"14":1,"15":1,"16":1,"17":1,"18":1,"19":1,"20":27,"21":27,"22":27,"23":27,"24":27,"25":27,"26":27,"27":27,"28":27,"29":27,"30":27,"31":27,"32":27,"33":27,"34":27,"35":27,"36":27,"37":27,"38":27,"39":27,"40":27,"41":27,"42":324,"43":324,"44":324,"45":0,"46":0,"47":27,"48":27,"49":27,"50":27,"51":27,"52":27,"53":27,"54":27,"55":21,"56":21,"57":21,"58":21,"59":21,"60":21,"61":27,"62":27,"63":4,"64":4,"65":27,"66":27,"67":27,"68":27,"69":27,"70":2,"71":2,"72":2,"73":2,"74":2,"75":1,"76":1,"77":1,"78":1,"79":1,"80":1,"81":1,"82":0,"83":0,"84":2,"85":27,"86":27,"87":4,"88":2,"89":2,"90":27,"91":27,"92":27,"93":27,"94":13,"95":2,"96":2,"97":2,"98":2,"99":1,"100":1,"101":1,"102":1,"103":1,"104":13,"105":11,"106":11,"107":27,"108":27,"109":27,"110":27,"111":27,"112":27,"113":27,"114":27,"115":27,"116":27,"117":27,"118":27,"119":27,"120":27,"121":27,"122":4},"branchMap":{"0":{"type":"branch","line":18,"loc":{"start":{"line":18,"column":34},"end":{"line":18,"column":68}},"locations":[{"start":{"line":18,"column":34},"end":{"line":18,"column":68}}]},"1":{"type":"branch","line":18,"loc":{"start":{"line":18,"column":66},"end":{"line":18,"column":68}},"locations":[{"start":{"line":18,"column":66},"end":{"line":18,"column":68}}]},"2":{"type":"branch","line":20,"loc":{"start":{"line":20,"column":59},"end":{"line":123,"column":2}},"locations":[{"start":{"line":20,"column":59},"end":{"line":123,"column":2}}]},"3":{"type":"branch","line":24,"loc":{"start":{"line":24,"column":29},"end":{"line":51,"column":4}},"locations":[{"start":{"line":24,"column":29},"end":{"line":51,"column":4}}]},"4":{"type":"branch","line":42,"loc":{"start":{"line":42,"column":41},"end":{"line":48,"column":5}},"locations":[{"start":{"line":42,"column":41},"end":{"line":48,"column":5}}]},"5":{"type":"branch","line":45,"loc":{"start":{"line":45,"column":17},"end":{"line":47,"column":7}},"locations":[{"start":{"line":45,"column":17},"end":{"line":47,"column":7}}]},"6":{"type":"branch","line":55,"loc":{"start":{"line":55,"column":25},"end":{"line":61,"column":4}},"locations":[{"start":{"line":55,"column":25},"end":{"line":61,"column":4}}]},"7":{"type":"branch","line":63,"loc":{"start":{"line":63,"column":86},"end":{"line":66,"column":3}},"locations":[{"start":{"line":63,"column":86},"end":{"line":66,"column":3}}]},"8":{"type":"branch","line":65,"loc":{"start":{"line":65,"column":11},"end":{"line":65,"column":57}},"locations":[{"start":{"line":65,"column":11},"end":{"line":65,"column":57}}]},"9":{"type":"branch","line":65,"loc":{"start":{"line":65,"column":53},"end":{"line":65,"column":60}},"locations":[{"start":{"line":65,"column":53},"end":{"line":65,"column":60}}]},"10":{"type":"branch","line":70,"loc":{"start":{"line":70,"column":20},"end":{"line":85,"column":4}},"locations":[{"start":{"line":70,"column":20},"end":{"line":85,"column":4}}]},"11":{"type":"branch","line":75,"loc":{"start":{"line":75,"column":45},"end":{"line":84,"column":5}},"locations":[{"start":{"line":75,"column":45},"end":{"line":84,"column":5}}]},"12":{"type":"branch","line":82,"loc":{"start":{"line":82,"column":4},"end":{"line":84,"column":5}},"locations":[{"start":{"line":82,"column":4},"end":{"line":84,"column":5}}]},"13":{"type":"branch","line":78,"loc":{"start":{"line":78,"column":31},"end":{"line":78,"column":106}},"locations":[{"start":{"line":78,"column":31},"end":{"line":78,"column":106}}]},"14":{"type":"branch","line":87,"loc":{"start":{"line":87,"column":12},"end":{"line":91,"column":5}},"locations":[{"start":{"line":87,"column":12},"end":{"line":91,"column":5}}]},"15":{"type":"branch","line":88,"loc":{"start":{"line":88,"column":34},"end":{"line":90,"column":5}},"locations":[{"start":{"line":88,"column":34},"end":{"line":90,"column":5}}]},"16":{"type":"branch","line":94,"loc":{"start":{"line":94,"column":12},"end":{"line":108,"column":5}},"locations":[{"start":{"line":94,"column":12},"end":{"line":108,"column":5}}]},"17":{"type":"branch","line":95,"loc":{"start":{"line":95,"column":39},"end":{"line":105,"column":11}},"locations":[{"start":{"line":95,"column":39},"end":{"line":105,"column":11}}]},"18":{"type":"branch","line":99,"loc":{"start":{"line":99,"column":39},"end":{"line":104,"column":7}},"locations":[{"start":{"line":99,"column":39},"end":{"line":104,"column":7}}]},"19":{"type":"branch","line":105,"loc":{"start":{"line":105,"column":4},"end":{"line":107,"column":5}},"locations":[{"start":{"line":105,"column":4},"end":{"line":107,"column":5}}]},"20":{"type":"branch","line":97,"loc":{"start":{"line":97,"column":8},"end":{"line":97,"column":78}},"locations":[{"start":{"line":97,"column":8},"end":{"line":97,"column":78}}]},"21":{"type":"branch","line":123,"loc":{"start":{"line":123,"column":0},"end":{"line":123,"column":2}},"locations":[{"start":{"line":123,"column":0},"end":{"line":123,"column":2}}]}},"b":{"0":[26],"1":[26],"2":[27],"3":[27],"4":[324],"5":[0],"6":[21],"7":[4],"8":[2],"9":[2],"10":[2],"11":[1],"12":[0],"13":[1089],"14":[4],"15":[2],"16":[13],"17":[2],"18":[1],"19":[11],"20":[1581],"21":[4]},"fnMap":{"0":{"name":"useCheckoutContext","decl":{"start":{"line":18,"column":34},"end":{"line":18,"column":68}},"loc":{"start":{"line":18,"column":34},"end":{"line":18,"column":68}},"line":18},"1":{"name":"get","decl":{"start":{"line":18,"column":66},"end":{"line":18,"column":68}},"loc":{"start":{"line":18,"column":66},"end":{"line":18,"column":68}},"line":18},"2":{"name":"CheckoutProvider","decl":{"start":{"line":20,"column":59},"end":{"line":123,"column":2}},"loc":{"start":{"line":20,"column":59},"end":{"line":123,"column":2}},"line":20},"3":{"name":"getInitialUserInfo","decl":{"start":{"line":24,"column":29},"end":{"line":51,"column":4}},"loc":{"start":{"line":24,"column":29},"end":{"line":51,"column":4}},"line":24},"4":{"name":"updateUserInfo","decl":{"start":{"line":55,"column":25},"end":{"line":61,"column":4}},"loc":{"start":{"line":55,"column":25},"end":{"line":61,"column":4}},"line":55},"5":{"name":"fetchZips","decl":{"start":{"line":70,"column":20},"end":{"line":85,"column":4}},"loc":{"start":{"line":70,"column":20},"end":{"line":85,"column":4}},"line":70},"6":{"name":"get","decl":{"start":{"line":123,"column":0},"end":{"line":123,"column":2}},"loc":{"start":{"line":123,"column":0},"end":{"line":123,"column":2}},"line":123}},"f":{"0":26,"1":26,"2":27,"3":27,"4":21,"5":2,"6":4}}
}
